   1              	 .syntax unified
   2              	 .cpu cortex-m4
   3              	 .eabi_attribute 27,3
   4              	 .fpu fpv4-sp-d16
   5              	 .eabi_attribute 20,1
   6              	 .eabi_attribute 21,1
   7              	 .eabi_attribute 23,3
   8              	 .eabi_attribute 24,1
   9              	 .eabi_attribute 25,1
  10              	 .eabi_attribute 26,1
  11              	 .eabi_attribute 30,4
  12              	 .eabi_attribute 34,1
  13              	 .eabi_attribute 18,4
  14              	 .thumb
  15              	 .file "xmc_usbh.c"
  16              	 .section .text.XMC_USBH_GetVersion,"ax",%progbits
  17              	 .align 1
  18              	 .thumb
  19              	 .thumb_func
  21              	XMC_USBH_GetVersion:
  22              	 
  23              	 
  24              	 
  25 0000 074B     	 ldr r3,.L2
  26 0002 82B0     	 sub sp,sp,#8
  27 0004 1868     	 ldr r0,[r3]
  28 0006 0190     	 str r0,[sp,#4]
  29 0008 BDF80430 	 ldrh r3,[sp,#4]
  30 000c 0020     	 movs r0,#0
  31 000e 63F30F00 	 bfi r0,r3,#0,#16
  32 0012 BDF80630 	 ldrh r3,[sp,#6]
  33 0016 63F31F40 	 bfi r0,r3,#16,#16
  34 001a 02B0     	 add sp,sp,#8
  35              	 
  36 001c 7047     	 bx lr
  37              	.L3:
  38 001e 00BF     	 .align 2
  39              	.L2:
  40 0020 00000000 	 .word .LANCHOR0
  42              	 .section .text.XMC_USBH_GetCapabilities,"ax",%progbits
  43              	 .align 1
  44              	 .thumb
  45              	 .thumb_func
  47              	XMC_USBH_GetCapabilities:
  48              	 
  49              	 
  50              	 
  51 0000 0123     	 movs r3,#1
  52 0002 0020     	 movs r0,#0
  53 0004 63F30E00 	 bfi r0,r3,#0,#15
  54 0008 6FF3CF30 	 bfc r0,#15,#1
  55 000c 40F44030 	 orr r0,r0,#196608
  56 0010 20F48020 	 bic r0,r0,#262144
  57 0014 7047     	 bx lr
  59              	 .section .text.XMC_USBH_PortSuspend,"ax",%progbits
  60              	 .align 1
  61              	 .thumb
  62              	 .thumb_func
  64              	XMC_USBH_PortSuspend:
  65              	 
  66              	 
  67              	 
  68 0000 0C4B     	 ldr r3,.L10
  69 0002 5A7C     	 ldrb r2,[r3,#17]
  70 0004 82B1     	 cbz r2,.L7
  71 0006 90B9     	 cbnz r0,.L8
  72 0008 1A68     	 ldr r2,[r3]
  73 000a D2F84034 	 ldr r3,[r2,#1088]
  74 000e 23F00403 	 bic r3,r3,#4
  75 0012 43F08003 	 orr r3,r3,#128
  76 0016 C2F84034 	 str r3,[r2,#1088]
  77 001a D2F8003E 	 ldr r3,[r2,#3584]
  78 001e 43F00303 	 orr r3,r3,#3
  79 0022 C2F8003E 	 str r3,[r2,#3584]
  80 0026 7047     	 bx lr
  81              	.L7:
  82 0028 4FF0FF30 	 mov r0,#-1
  83 002c 7047     	 bx lr
  84              	.L8:
  85 002e 6FF00400 	 mvn r0,#4
  86 0032 7047     	 bx lr
  87              	.L11:
  88              	 .align 2
  89              	.L10:
  90 0034 00000000 	 .word .LANCHOR1
  92              	 .section .text.XMC_USBH_PortGetState,"ax",%progbits
  93              	 .align 1
  94              	 .thumb
  95              	 .thumb_func
  97              	XMC_USBH_PortGetState:
  98              	 
  99              	 
 100              	 
 101 0000 0C4A     	 ldr r2,.L19
 102 0002 537C     	 ldrb r3,[r2,#17]
 103 0004 63B1     	 cbz r3,.L18
 104 0006 50B9     	 cbnz r0,.L16
 105 0008 1368     	 ldr r3,[r2]
 106 000a D3F84034 	 ldr r3,[r3,#1088]
 107 000e 03F00102 	 and r2,r3,#1
 108 0012 C3F34143 	 ubfx r3,r3,#17,#2
 109 0016 591E     	 subs r1,r3,#1
 110 0018 4B42     	 rsbs r3,r1,#0
 111 001a 4B41     	 adcs r3,r3,r1
 112 001c 01E0     	 b .L13
 113              	.L16:
 114 001e 0023     	 movs r3,#0
 115              	.L18:
 116 0020 1A46     	 mov r2,r3
 117              	.L13:
 118 0022 0020     	 movs r0,#0
 119 0024 62F30000 	 bfi r0,r2,#0,#1
 120 0028 6FF34100 	 bfc r0,#1,#1
 121 002c 63F38300 	 bfi r0,r3,#2,#2
 122 0030 7047     	 bx lr
 123              	.L20:
 124 0032 00BF     	 .align 2
 125              	.L19:
 126 0034 00000000 	 .word .LANCHOR1
 128              	 .section .text.XMC_USBH_PipeModify,"ax",%progbits
 129              	 .align 1
 130              	 .thumb
 131              	 .thumb_func
 133              	XMC_USBH_PipeModify:
 134              	 
 135              	 
 136 0000 F0B5     	 push {r4,r5,r6,r7,lr}
 137 0002 144B     	 ldr r3,.L26
 138 0004 BDF81860 	 ldrh r6,[sp,#24]
 139 0008 5A7C     	 ldrb r2,[r3,#17]
 140 000a CAB1     	 cbz r2,.L23
 141 000c D8B1     	 cbz r0,.L24
 142 000e 5B68     	 ldr r3,[r3,#4]
 143 0010 114A     	 ldr r2,.L26+4
 144 0012 C31A     	 subs r3,r0,r3
 145 0014 23F01F03 	 bic r3,r3,#31
 146 0018 1344     	 add r3,r3,r2
 147 001a DA7E     	 ldrb r2,[r3,#27]
 148 001c 02F0FF04 	 and r4,r2,#255
 149 0020 A2B9     	 cbnz r2,.L25
 150 0022 0268     	 ldr r2,[r0]
 151 0024 0D4D     	 ldr r5,.L26+8
 152 0026 1540     	 ands r5,r5,r2
 153 0028 8A05     	 lsls r2,r1,#22
 154 002a C6F30A07 	 ubfx r7,r6,#0,#11
 155 002e 02F0FE52 	 and r2,r2,#532676608
 156 0032 47EA0201 	 orr r1,r7,r2
 157 0036 2943     	 orrs r1,r1,r5
 158 0038 0160     	 str r1,[r0]
 159 003a 9E82     	 strh r6,[r3,#20]
 160 003c 2046     	 mov r0,r4
 161 003e F0BD     	 pop {r4,r5,r6,r7,pc}
 162              	.L23:
 163 0040 4FF0FF30 	 mov r0,#-1
 164 0044 F0BD     	 pop {r4,r5,r6,r7,pc}
 165              	.L24:
 166 0046 6FF00400 	 mvn r0,#4
 167 004a F0BD     	 pop {r4,r5,r6,r7,pc}
 168              	.L25:
 169 004c 6FF00100 	 mvn r0,#1
 170 0050 F0BD     	 pop {r4,r5,r6,r7,pc}
 171              	.L27:
 172 0052 00BF     	 .align 2
 173              	.L26:
 174 0054 00000000 	 .word .LANCHOR1
 175 0058 00000000 	 .word pipe
 176 005c 00F83FE0 	 .word -532678656
 178              	 .section .text.XMC_USBH_PipeReset,"ax",%progbits
 179              	 .align 1
 180              	 .thumb
 181              	 .thumb_func
 183              	XMC_USBH_PipeReset:
 184              	 
 185              	 
 186              	 
 187 0000 0D4B     	 ldr r3,.L33
 188 0002 5A7C     	 ldrb r2,[r3,#17]
 189 0004 7AB1     	 cbz r2,.L30
 190 0006 88B1     	 cbz r0,.L31
 191 0008 5B68     	 ldr r3,[r3,#4]
 192 000a 0C4A     	 ldr r2,.L33+4
 193 000c C31A     	 subs r3,r0,r3
 194 000e 23F01F03 	 bic r3,r3,#31
 195 0012 1344     	 add r3,r3,r2
 196 0014 DA78     	 ldrb r2,[r3,#3]
 197 0016 02F0FF03 	 and r3,r2,#255
 198 001a 52B9     	 cbnz r2,.L32
 199 001c 8360     	 str r3,[r0,#8]
 200 001e C360     	 str r3,[r0,#12]
 201 0020 0361     	 str r3,[r0,#16]
 202 0022 1846     	 mov r0,r3
 203 0024 7047     	 bx lr
 204              	.L30:
 205 0026 4FF0FF30 	 mov r0,#-1
 206 002a 7047     	 bx lr
 207              	.L31:
 208 002c 6FF00400 	 mvn r0,#4
 209 0030 7047     	 bx lr
 210              	.L32:
 211 0032 6FF00100 	 mvn r0,#1
 212 0036 7047     	 bx lr
 213              	.L34:
 214              	 .align 2
 215              	.L33:
 216 0038 00000000 	 .word .LANCHOR1
 217 003c 18000000 	 .word pipe+24
 219              	 .section .text.XMC_USBH_PipeDelete,"ax",%progbits
 220              	 .align 1
 221              	 .thumb
 222              	 .thumb_func
 224              	XMC_USBH_PipeDelete:
 225              	 
 226              	 
 227 0000 114A     	 ldr r2,.L40
 228 0002 517C     	 ldrb r1,[r2,#17]
 229 0004 10B5     	 push {r4,lr}
 230 0006 0346     	 mov r3,r0
 231 0008 A1B1     	 cbz r1,.L37
 232 000a B0B1     	 cbz r0,.L38
 233 000c 5268     	 ldr r2,[r2,#4]
 234 000e 821A     	 subs r2,r0,r2
 235 0010 0E48     	 ldr r0,.L40+4
 236 0012 22F01F02 	 bic r2,r2,#31
 237 0016 1044     	 add r0,r0,r2
 238 0018 C27E     	 ldrb r2,[r0,#27]
 239 001a 02F0FF04 	 and r4,r2,#255
 240 001e 7AB9     	 cbnz r2,.L39
 241 0020 1C60     	 str r4,[r3]
 242 0022 2146     	 mov r1,r4
 243 0024 9C60     	 str r4,[r3,#8]
 244 0026 2022     	 movs r2,#32
 245 0028 DC60     	 str r4,[r3,#12]
 246 002a 1C61     	 str r4,[r3,#16]
 247 002c FFF7FEFF 	 bl memset
 248 0030 2046     	 mov r0,r4
 249 0032 10BD     	 pop {r4,pc}
 250              	.L37:
 251 0034 4FF0FF30 	 mov r0,#-1
 252 0038 10BD     	 pop {r4,pc}
 253              	.L38:
 254 003a 6FF00400 	 mvn r0,#4
 255 003e 10BD     	 pop {r4,pc}
 256              	.L39:
 257 0040 6FF00100 	 mvn r0,#1
 258 0044 10BD     	 pop {r4,pc}
 259              	.L41:
 260 0046 00BF     	 .align 2
 261              	.L40:
 262 0048 00000000 	 .word .LANCHOR1
 263 004c 00000000 	 .word pipe
 265              	 .section .text.XMC_USBH_PipeCreate,"ax",%progbits
 266              	 .align 1
 267              	 .thumb
 268              	 .thumb_func
 270              	XMC_USBH_PipeCreate:
 271              	 
 272              	 
 273 0000 2DE9F74F 	 push {r0,r1,r2,r4,r5,r6,r7,r8,r9,r10,fp,lr}
 274 0004 3149     	 ldr r1,.L62
 275 0006 9DF830C0 	 ldrb ip,[sp,#48]
 276 000a 4A7C     	 ldrb r2,[r1,#17]
 277 000c 9DF834B0 	 ldrb fp,[sp,#52]
 278 0010 BDF83850 	 ldrh r5,[sp,#56]
 279 0014 9DF83C30 	 ldrb r3,[sp,#60]
 280 0018 8046     	 mov r8,r0
 281 001a 52B1     	 cbz r2,.L60
 282 001c 4E68     	 ldr r6,[r1,#4]
 283 001e 06F5E072 	 add r2,r6,#448
 284 0022 3446     	 mov r4,r6
 285              	.L45:
 286 0024 2168     	 ldr r1,[r4]
 287 0026 31F04041 	 bics r1,r1,#-1073741824
 288 002a 05D0     	 beq .L44
 289 002c 2034     	 adds r4,r4,#32
 290 002e 9442     	 cmp r4,r2
 291 0030 F8D1     	 bne .L45
 292              	.L60:
 293 0032 4FF00009 	 mov r9,#0
 294 0036 45E0     	 b .L59
 295              	.L44:
 296 0038 A61B     	 subs r6,r4,r6
 297 003a 254F     	 ldr r7,.L62+4
 298 003c 0193     	 str r3,[sp,#4]
 299 003e 26F01F06 	 bic r6,r6,#31
 300 0042 06EB070A 	 add r10,r6,r7
 301 0046 2022     	 movs r2,#32
 302 0048 5046     	 mov r0,r10
 303 004a CDF800C0 	 str ip,[sp]
 304 004e FFF7FEFF 	 bl memset
 305 0052 4FEA8B41 	 lsl r1,fp,#18
 306 0056 DDF800C0 	 ldr ip,[sp]
 307 005a C5F30A02 	 ubfx r2,r5,#0,#11
 308 005e 01F44021 	 and r1,r1,#786432
 309 0062 4FEA8858 	 lsl r8,r8,#22
 310 0066 0A43     	 orrs r2,r2,r1
 311 0068 08F0FE58 	 and r8,r8,#532676608
 312 006c 42EA0808 	 orr r8,r2,r8
 313 0070 4FEACC22 	 lsl r2,ip,#11
 314 0074 02F4F042 	 and r2,r2,#30720
 315 0078 5FEADC13 	 lsrs r3,ip,#7
 316 007c 48EA0208 	 orr r8,r8,r2
 317 0080 0CBF     	 ite eq
 318 0082 4FF40042 	 moveq r2,#32768
 319 0086 0022     	 movne r2,#0
 320 0088 48EA0202 	 orr r2,r8,r2
 321 008c BBF1010F 	 cmp fp,#1
 322 0090 2260     	 str r2,[r4]
 323 0092 A146     	 mov r9,r4
 324 0094 AAF81450 	 strh r5,[r10,#20]
 325 0098 019B     	 ldr r3,[sp,#4]
 326 009a 8AF81AB0 	 strb fp,[r10,#26]
 327 009e 0ED1     	 bne .L61
 328              	.L46:
 329 00a0 0BB1     	 cbz r3,.L47
 330 00a2 BA19     	 adds r2,r7,r6
 331 00a4 D382     	 strh r3,[r2,#22]
 332              	.L47:
 333 00a6 3744     	 add r7,r7,r6
 334 00a8 ED0A     	 lsrs r5,r5,#11
 335 00aa FB8A     	 ldrh r3,[r7,#22]
 336 00ac 3B83     	 strh r3,[r7,#24]
 337 00ae 2368     	 ldr r3,[r4]
 338 00b0 0135     	 adds r5,r5,#1
 339 00b2 05F00305 	 and r5,r5,#3
 340 00b6 43EA0555 	 orr r5,r3,r5,lsl#20
 341 00ba 2560     	 str r5,[r4]
 342 00bc 02E0     	 b .L59
 343              	.L61:
 344 00be BBF1030F 	 cmp fp,#3
 345 00c2 EDD0     	 beq .L46
 346              	.L59:
 347 00c4 4846     	 mov r0,r9
 348 00c6 03B0     	 add sp,sp,#12
 349              	 
 350 00c8 BDE8F08F 	 pop {r4,r5,r6,r7,r8,r9,r10,fp,pc}
 351              	.L63:
 352              	 .align 2
 353              	.L62:
 354 00cc 00000000 	 .word .LANCHOR1
 355 00d0 00000000 	 .word pipe
 357              	 .section .text.XMC_USBH_PipeTransferGetResult,"ax",%progbits
 358              	 .align 1
 359              	 .thumb
 360              	 .thumb_func
 362              	XMC_USBH_PipeTransferGetResult:
 363              	 
 364              	 
 365              	 
 366 0000 38B1     	 cbz r0,.L65
 367 0002 044B     	 ldr r3,.L67
 368 0004 5B68     	 ldr r3,[r3,#4]
 369 0006 C01A     	 subs r0,r0,r3
 370 0008 034B     	 ldr r3,.L67+4
 371 000a 20F01F00 	 bic r0,r0,#31
 372 000e 1844     	 add r0,r0,r3
 373 0010 4068     	 ldr r0,[r0,#4]
 374              	.L65:
 375 0012 7047     	 bx lr
 376              	.L68:
 377              	 .align 2
 378              	.L67:
 379 0014 00000000 	 .word .LANCHOR1
 380 0018 08000000 	 .word pipe+8
 382              	 .section .text.XMC_USBH_GetFrameNumber,"ax",%progbits
 383              	 .align 1
 384              	 .thumb
 385              	 .thumb_func
 387              	XMC_USBH_GetFrameNumber:
 388              	 
 389              	 
 390              	 
 391 0000 044B     	 ldr r3,.L72
 392 0002 587C     	 ldrb r0,[r3,#17]
 393 0004 20B1     	 cbz r0,.L70
 394 0006 1B68     	 ldr r3,[r3]
 395 0008 D3F80804 	 ldr r0,[r3,#1032]
 396 000c C0F30B00 	 ubfx r0,r0,#0,#12
 397              	.L70:
 398 0010 7047     	 bx lr
 399              	.L73:
 400 0012 00BF     	 .align 2
 401              	.L72:
 402 0014 00000000 	 .word .LANCHOR1
 404              	 .section .text.XMC_USBH_PortVbusOnOff,"ax",%progbits
 405              	 .align 1
 406              	 .thumb
 407              	 .thumb_func
 409              	XMC_USBH_PortVbusOnOff:
 410              	 
 411              	 
 412 0000 38B5     	 push {r3,r4,r5,lr}
 413 0002 144B     	 ldr r3,.L79
 414 0004 5A7C     	 ldrb r2,[r3,#17]
 415 0006 0546     	 mov r5,r0
 416 0008 0C46     	 mov r4,r1
 417 000a E2B1     	 cbz r2,.L77
 418 000c F0B9     	 cbnz r0,.L78
 419 000e 1868     	 ldr r0,[r3]
 420 0010 1149     	 ldr r1,.L79+4
 421 0012 124A     	 ldr r2,.L79+8
 422 0014 D0F84034 	 ldr r3,[r0,#1088]
 423 0018 54B1     	 cbz r4,.L76
 424 001a 43F48053 	 orr r3,r3,#4096
 425 001e C0F84034 	 str r3,[r0,#1088]
 426 0022 0868     	 ldr r0,[r1]
 427 0024 1178     	 ldrb r1,[r2]
 428 0026 8822     	 movs r2,#136
 429 0028 FFF7FEFF 	 bl XMC_GPIO_SetMode
 430 002c 2846     	 mov r0,r5
 431 002e 38BD     	 pop {r3,r4,r5,pc}
 432              	.L76:
 433 0030 23F48053 	 bic r3,r3,#4096
 434 0034 C0F84034 	 str r3,[r0,#1088]
 435 0038 0868     	 ldr r0,[r1]
 436 003a 1178     	 ldrb r1,[r2]
 437 003c 2246     	 mov r2,r4
 438 003e FFF7FEFF 	 bl XMC_GPIO_SetMode
 439 0042 2046     	 mov r0,r4
 440 0044 38BD     	 pop {r3,r4,r5,pc}
 441              	.L77:
 442 0046 4FF0FF30 	 mov r0,#-1
 443 004a 38BD     	 pop {r3,r4,r5,pc}
 444              	.L78:
 445 004c 6FF00400 	 mvn r0,#4
 446 0050 38BD     	 pop {r3,r4,r5,pc}
 447              	.L80:
 448 0052 00BF     	 .align 2
 449              	.L79:
 450 0054 00000000 	 .word .LANCHOR1
 451 0058 00000000 	 .word .LANCHOR2
 452 005c 00000000 	 .word .LANCHOR3
 454              	 .section .text.XMC_USBH_Initialize,"ax",%progbits
 455              	 .align 1
 456              	 .thumb
 457              	 .thumb_func
 459              	XMC_USBH_Initialize:
 460              	 
 461              	 
 462 0000 10B5     	 push {r4,lr}
 463 0002 0D4C     	 ldr r4,.L85
 464 0004 237C     	 ldrb r3,[r4,#16]
 465 0006 A3B9     	 cbnz r3,.L82
 466 0008 A060     	 str r0,[r4,#8]
 467 000a E160     	 str r1,[r4,#12]
 468              	.L83:
 469 000c 03F5A022 	 add r2,r3,#327680
 470 0010 4132     	 adds r2,r2,#65
 471 0012 0A49     	 ldr r1,.L85+4
 472 0014 1203     	 lsls r2,r2,#12
 473 0016 41F82320 	 str r2,[r1,r3,lsl#2]
 474 001a 0133     	 adds r3,r3,#1
 475 001c 0E2B     	 cmp r3,#14
 476 001e F5D1     	 bne .L83
 477 0020 074B     	 ldr r3,.L85+8
 478 0022 1868     	 ldr r0,[r3]
 479 0024 074B     	 ldr r3,.L85+12
 480 0026 8822     	 movs r2,#136
 481 0028 1978     	 ldrb r1,[r3]
 482 002a FFF7FEFF 	 bl XMC_GPIO_SetMode
 483 002e 0123     	 movs r3,#1
 484 0030 2374     	 strb r3,[r4,#16]
 485              	.L82:
 486 0032 0020     	 movs r0,#0
 487 0034 10BD     	 pop {r4,pc}
 488              	.L86:
 489 0036 00BF     	 .align 2
 490              	.L85:
 491 0038 00000000 	 .word .LANCHOR1
 492 003c 00000000 	 .word .LANCHOR4
 493 0040 00000000 	 .word .LANCHOR2
 494 0044 00000000 	 .word .LANCHOR3
 496              	 .section .text.XMC_lStartTransfer,"ax",%progbits
 497              	 .align 1
 498              	 .thumb
 499              	 .thumb_func
 501              	XMC_lStartTransfer:
 502              	 
 503              	 
 504 0000 544A     	 ldr r2,.L113
 505 0002 D2F800C0 	 ldr ip,[r2]
 506 0006 DCF84034 	 ldr r3,[ip,#1088]
 507 000a 13F00103 	 ands r3,r3,#1
 508 000e 2DE9F043 	 push {r4,r5,r6,r7,r8,r9,lr}
 509 0012 4568     	 ldr r5,[r0,#4]
 510 0014 9646     	 mov lr,r2
 511 0016 00F09A80 	 beq .L107
 512 001a 0A68     	 ldr r2,[r1]
 513 001c 0468     	 ldr r4,[r0]
 514 001e 0B69     	 ldr r3,[r1,#16]
 515 0020 22F08042 	 bic r2,r2,#1073741824
 516 0024 04F00F07 	 and r7,r4,#15
 517 0028 22F40042 	 bic r2,r2,#32768
 518 002c 012F     	 cmp r7,#1
 519 002e 42F00046 	 orr r6,r2,#-2147483648
 520 0032 03F0C043 	 and r3,r3,#1610612736
 521 0036 07D0     	 beq .L108
 522 0038 032F     	 cmp r7,#3
 523 003a 12BF     	 itee ne
 524 003c 9927     	 movne r7,#153
 525 003e 42F08026 	 orreq r6,r2,#-2147450880
 526 0042 40F2B957 	 movweq r7,#1465
 527 0046 02E0     	 b .L90
 528              	.L108:
 529 0048 9927     	 movs r7,#153
 530 004a 4FF0C043 	 mov r3,#1610612736
 531              	.L90:
 532 004e 04F0F002 	 and r2,r4,#240
 533 0052 102A     	 cmp r2,#16
 534 0054 04D0     	 beq .L93
 535 0056 202A     	 cmp r2,#32
 536 0058 08BF     	 it eq
 537 005a 4FF08043 	 moveq r3,#1073741824
 538 005e 00E0     	 b .L92
 539              	.L93:
 540 0060 0023     	 movs r3,#0
 541              	.L92:
 542 0062 DCF80824 	 ldr r2,[ip,#1032]
 543 0066 D207     	 lsls r2,r2,#31
 544 0068 827E     	 ldrb r2,[r0,#26]
 545 006a 4CBF     	 ite mi
 546 006c 26F00056 	 bicmi r6,r6,#536870912
 547 0070 46F00056 	 orrpl r6,r6,#536870912
 548 0074 06F40048 	 and r8,r6,#32768
 549 0078 032A     	 cmp r2,#3
 550 007a 0FD8     	 bhi .L111
 551 007c DFE802F0 	 tbb [pc,r2]
 552              	.L99:
 553 0080 02       	 .byte (.L98-.L99)/2
 554 0081 08       	 .byte (.L100-.L99)/2
 555 0082 02       	 .byte (.L98-.L99)/2
 556 0083 08       	 .byte (.L100-.L99)/2
 557              	 .p2align 1
 558              	.L98:
 559 0084 B8F1000F 	 cmp r8,#0
 560 0088 08D1     	 bne .L111
 561 008a DCF82C20 	 ldr r2,[ip,#44]
 562 008e 06E0     	 b .L97
 563              	.L100:
 564 0090 B8F1000F 	 cmp r8,#0
 565 0094 02D1     	 bne .L111
 566 0096 DCF81024 	 ldr r2,[ip,#1040]
 567 009a 00E0     	 b .L97
 568              	.L111:
 569 009c 0022     	 movs r2,#0
 570              	.L97:
 571 009e D0F80CC0 	 ldr ip,[r0,#12]
 572 00a2 8468     	 ldr r4,[r0,#8]
 573 00a4 CCEB0404 	 rsb r4,ip,r4
 574 00a8 B8F1000F 	 cmp r8,#0
 575 00ac 27D1     	 bne .L101
 576 00ae 1FFA82F9 	 uxth r9,r2
 577 00b2 B0F81480 	 ldrh r8,[r0,#20]
 578 00b6 DEF804E0 	 ldr lr,[lr,#4]
 579 00ba 4FEA8909 	 lsl r9,r9,#2
 580 00be 4C45     	 cmp r4,r9
 581 00c0 28BF     	 it cs
 582 00c2 4C46     	 movcs r4,r9
 583 00c4 C2F30742 	 ubfx r2,r2,#16,#8
 584 00c8 08F1FF39 	 add r9,r8,#-1
 585 00cc A144     	 add r9,r9,r4
 586 00ce B9FBF8F9 	 udiv r9,r9,r8
 587 00d2 4A45     	 cmp r2,r9
 588 00d4 28BF     	 it cs
 589 00d6 4A46     	 movcs r2,r9
 590 00d8 08FB02F2 	 mul r2,r8,r2
 591 00dc 9442     	 cmp r4,r2
 592 00de CEEB010E 	 rsb lr,lr,r1
 593 00e2 28BF     	 it cs
 594 00e4 1446     	 movcs r4,r2
 595 00e6 6544     	 add r5,r5,ip
 596 00e8 4FEA6E1E 	 asr lr,lr,#5
 597 00ec DFF86CC0 	 ldr ip,.L113+8
 598 00f0 E21C     	 adds r2,r4,#3
 599 00f2 5CF82EE0 	 ldr lr,[ip,lr,lsl#2]
 600 00f6 0461     	 str r4,[r0,#16]
 601 00f8 C2F38F02 	 ubfx r2,r2,#2,#16
 602 00fc 02E0     	 b .L102
 603              	.L101:
 604 00fe 0022     	 movs r2,#0
 605 0100 0261     	 str r2,[r0,#16]
 606 0102 9646     	 mov lr,r2
 607              	.L102:
 608 0104 5CB1     	 cbz r4,.L103
 609 0106 B0F814C0 	 ldrh ip,[r0,#20]
 610 010a 44EA0300 	 orr r0,r4,r3
 611 010e 0CF1FF33 	 add r3,ip,#-1
 612 0112 1C44     	 add r4,r4,r3
 613 0114 B4FBFCF3 	 udiv r3,r4,ip
 614 0118 40EAC343 	 orr r3,r0,r3,lsl#19
 615 011c 01E0     	 b .L104
 616              	.L103:
 617 011e 43F40023 	 orr r3,r3,#524288
 618              	.L104:
 619 0122 0D48     	 ldr r0,.L113+4
 620 0124 4FF40064 	 mov r4,#2048
 621 0128 C0F88C40 	 str r4,[r0,#140]
 622 012c CF60     	 str r7,[r1,#12]
 623 012e 0B61     	 str r3,[r1,#16]
 624 0130 0E60     	 str r6,[r1]
 625              	.L105:
 626 0132 32B1     	 cbz r2,.L112
 627 0134 55F8043B 	 ldr r3,[r5],#4
 628 0138 CEF80030 	 str r3,[lr]
 629 013c 013A     	 subs r2,r2,#1
 630 013e 92B2     	 uxth r2,r2
 631 0140 F7E7     	 b .L105
 632              	.L112:
 633 0142 4FF40063 	 mov r3,#2048
 634 0146 C360     	 str r3,[r0,#12]
 635 0148 0120     	 movs r0,#1
 636 014a BDE8F083 	 pop {r4,r5,r6,r7,r8,r9,pc}
 637              	.L107:
 638 014e 1846     	 mov r0,r3
 639 0150 BDE8F083 	 pop {r4,r5,r6,r7,r8,r9,pc}
 640              	.L114:
 641              	 .align 2
 642              	.L113:
 643 0154 00000000 	 .word .LANCHOR1
 644 0158 00E100E0 	 .word -536813312
 645 015c 00000000 	 .word .LANCHOR4
 647              	 .section .text.XMC_USBH_PipeTransfer,"ax",%progbits
 648              	 .align 1
 649              	 .thumb
 650              	 .thumb_func
 652              	XMC_USBH_PipeTransfer:
 653              	 
 654              	 
 655 0000 2DE9F041 	 push {r4,r5,r6,r7,r8,lr}
 656 0004 0646     	 mov r6,r0
 657 0006 2748     	 ldr r0,.L126
 658 0008 447C     	 ldrb r4,[r0,#17]
 659 000a 002C     	 cmp r4,#0
 660 000c 42D0     	 beq .L121
 661 000e 01F00F04 	 and r4,r1,#15
 662 0012 013C     	 subs r4,r4,#1
 663 0014 022C     	 cmp r4,#2
 664 0016 39D8     	 bhi .L120
 665 0018 002E     	 cmp r6,#0
 666 001a 37D0     	 beq .L120
 667 001c 0468     	 ldr r4,[r0]
 668 001e D4F84044 	 ldr r4,[r4,#1088]
 669 0022 E407     	 lsls r4,r4,#31
 670 0024 36D5     	 bpl .L121
 671 0026 4568     	 ldr r5,[r0,#4]
 672 0028 1F4F     	 ldr r7,.L126+4
 673 002a 751B     	 subs r5,r6,r5
 674 002c 25F01F05 	 bic r5,r5,#31
 675 0030 E819     	 adds r0,r5,r7
 676 0032 00F1180E 	 add lr,r0,#24
 677 0036 90F81B80 	 ldrb r8,[r0,#27]
 678 003a BC46     	 mov ip,r7
 679 003c 08F0FF04 	 and r4,r8,#255
 680 0040 B8F1000F 	 cmp r8,#0
 681 0044 2AD1     	 bne .L122
 682 0046 E951     	 str r1,[r5,r7]
 683 0048 4260     	 str r2,[r0,#4]
 684 004a 00F10802 	 add r2,r0,#8
 685 004e 8360     	 str r3,[r0,#8]
 686 0050 5460     	 str r4,[r2,#4]
 687 0052 0461     	 str r4,[r0,#16]
 688 0054 C476     	 strb r4,[r0,#27]
 689 0056 0477     	 strb r4,[r0,#28]
 690 0058 4477     	 strb r4,[r0,#29]
 691 005a 8477     	 strb r4,[r0,#30]
 692 005c 837E     	 ldrb r3,[r0,#26]
 693 005e 032B     	 cmp r3,#3
 694 0060 07D1     	 bne .L117
 695 0062 038B     	 ldrh r3,[r0,#24]
 696 0064 9BB2     	 uxth r3,r3
 697 0066 23B1     	 cbz r3,.L117
 698 0068 0123     	 movs r3,#1
 699 006a C376     	 strb r3,[r0,#27]
 700 006c 2046     	 mov r0,r4
 701 006e BDE8F081 	 pop {r4,r5,r6,r7,r8,pc}
 702              	.L117:
 703 0072 6544     	 add r5,r5,ip
 704 0074 0123     	 movs r3,#1
 705 0076 2B77     	 strb r3,[r5,#28]
 706 0078 3146     	 mov r1,r6
 707 007a EB76     	 strb r3,[r5,#27]
 708 007c FFF7FEFF 	 bl XMC_lStartTransfer
 709 0080 80F00100 	 eor r0,r0,#1
 710 0084 C0B2     	 uxtb r0,r0
 711 0086 4042     	 negs r0,r0
 712 0088 BDE8F081 	 pop {r4,r5,r6,r7,r8,pc}
 713              	.L120:
 714 008c 6FF00400 	 mvn r0,#4
 715 0090 BDE8F081 	 pop {r4,r5,r6,r7,r8,pc}
 716              	.L121:
 717 0094 4FF0FF30 	 mov r0,#-1
 718 0098 BDE8F081 	 pop {r4,r5,r6,r7,r8,pc}
 719              	.L122:
 720 009c 6FF00100 	 mvn r0,#1
 721 00a0 BDE8F081 	 pop {r4,r5,r6,r7,r8,pc}
 722              	.L127:
 723              	 .align 2
 724              	.L126:
 725 00a4 00000000 	 .word .LANCHOR1
 726 00a8 00000000 	 .word pipe
 728              	 .section .text.XMC_USBH_HandleIrq,"ax",%progbits
 729              	 .align 1
 730              	 .global XMC_USBH_HandleIrq
 731              	 .thumb
 732              	 .thumb_func
 734              	XMC_USBH_HandleIrq:
 735              	 
 736              	 
 737 0000 C101     	 lsls r1,r0,#7
 738 0002 2DE9F047 	 push {r4,r5,r6,r7,r8,r9,r10,lr}
 739 0006 0646     	 mov r6,r0
 740 0008 1ED5     	 bpl .L130
 741 000a 974C     	 ldr r4,.L242
 742 000c 2368     	 ldr r3,[r4]
 743 000e D3F84054 	 ldr r5,[r3,#1088]
 744 0012 25F00402 	 bic r2,r5,#4
 745 0016 C3F84024 	 str r2,[r3,#1088]
 746 001a AA07     	 lsls r2,r5,#30
 747 001c 08D5     	 bpl .L132
 748 001e A07C     	 ldrb r0,[r4,#18]
 749 0020 40F20522 	 movw r2,#517
 750 0024 C3F80024 	 str r2,[r3,#1024]
 751 0028 10B9     	 cbnz r0,.L132
 752 002a A368     	 ldr r3,[r4,#8]
 753 002c 0121     	 movs r1,#1
 754 002e 9847     	 blx r3
 755              	.L132:
 756 0030 05F00C05 	 and r5,r5,#12
 757 0034 0C2D     	 cmp r5,#12
 758 0036 07D1     	 bne .L130
 759 0038 A27C     	 ldrb r2,[r4,#18]
 760 003a 8B4B     	 ldr r3,.L242
 761 003c 22B1     	 cbz r2,.L130
 762 003e 0020     	 movs r0,#0
 763 0040 9874     	 strb r0,[r3,#18]
 764 0042 0821     	 movs r1,#8
 765 0044 9B68     	 ldr r3,[r3,#8]
 766 0046 9847     	 blx r3
 767              	.L130:
 768 0048 B700     	 lsls r7,r6,#2
 769 004a 24D5     	 bpl .L136
 770 004c 864D     	 ldr r5,.L242
 771 004e 2B68     	 ldr r3,[r5]
 772 0050 4FF00052 	 mov r2,#536870912
 773 0054 5A61     	 str r2,[r3,#20]
 774 0056 AB7C     	 ldrb r3,[r5,#18]
 775 0058 EBB9     	 cbnz r3,.L136
 776 005a 6C68     	 ldr r4,[r5,#4]
 777 005c 834F     	 ldr r7,.L242+4
 778 005e 04F5E078 	 add r8,r4,#448
 779              	.L139:
 780 0062 FB7E     	 ldrb r3,[r7,#27]
 781 0064 73B1     	 cbz r3,.L138
 782 0066 0023     	 movs r3,#0
 783 0068 FB76     	 strb r3,[r7,#27]
 784 006a 40F2BB73 	 movw r3,#1979
 785 006e A360     	 str r3,[r4,#8]
 786 0070 0223     	 movs r3,#2
 787 0072 E360     	 str r3,[r4,#12]
 788 0074 2368     	 ldr r3,[r4]
 789 0076 43F04043 	 orr r3,r3,#-1073741824
 790 007a 2360     	 str r3,[r4]
 791 007c 2046     	 mov r0,r4
 792 007e EB68     	 ldr r3,[r5,#12]
 793 0080 4021     	 movs r1,#64
 794 0082 9847     	 blx r3
 795              	.L138:
 796 0084 2034     	 adds r4,r4,#32
 797 0086 4445     	 cmp r4,r8
 798 0088 07F12007 	 add r7,r7,#32
 799 008c E9D1     	 bne .L139
 800 008e AB68     	 ldr r3,[r5,#8]
 801 0090 0020     	 movs r0,#0
 802 0092 0221     	 movs r1,#2
 803 0094 9847     	 blx r3
 804              	.L136:
 805 0096 F506     	 lsls r5,r6,#27
 806 0098 40D5     	 bpl .L140
 807 009a 734B     	 ldr r3,.L242
 808 009c 1868     	 ldr r0,[r3]
 809 009e 8369     	 ldr r3,[r0,#24]
 810 00a0 23F01003 	 bic r3,r3,#16
 811 00a4 8361     	 str r3,[r0,#24]
 812 00a6 026A     	 ldr r2,[r0,#32]
 813 00a8 C2F34343 	 ubfx r3,r2,#17,#4
 814 00ac 022B     	 cmp r3,#2
 815 00ae 31D1     	 bne .L141
 816 00b0 47F6F073 	 movw r3,#32752
 817 00b4 02F00F04 	 and r4,r2,#15
 818 00b8 1340     	 ands r3,r3,r2
 819 00ba 6D4A     	 ldr r2,.L242+8
 820 00bc 52F824C0 	 ldr ip,[r2,r4,lsl#2]
 821 00c0 6A4A     	 ldr r2,.L242+4
 822 00c2 6401     	 lsls r4,r4,#5
 823 00c4 1719     	 adds r7,r2,r4
 824 00c6 1D09     	 lsrs r5,r3,#4
 825 00c8 D7F804E0 	 ldr lr,[r7,#4]
 826 00cc F968     	 ldr r1,[r7,#12]
 827 00ce 9B09     	 lsrs r3,r3,#6
 828 00d0 7144     	 add r1,r1,lr
 829 00d2 05F00307 	 and r7,r5,#3
 830 00d6 01EB8303 	 add r3,r1,r3,lsl#2
 831 00da 9046     	 mov r8,r2
 832              	.L142:
 833 00dc 9942     	 cmp r1,r3
 834 00de 04D0     	 beq .L240
 835 00e0 DCF80020 	 ldr r2,[ip]
 836 00e4 41F8042B 	 str r2,[r1],#4
 837 00e8 F8E7     	 b .L142
 838              	.L240:
 839 00ea 47B9     	 cbnz r7,.L144
 840              	.L146:
 841 00ec 08EB0403 	 add r3,r8,r4
 842 00f0 1A69     	 ldr r2,[r3,#16]
 843 00f2 2A44     	 add r2,r2,r5
 844 00f4 1A61     	 str r2,[r3,#16]
 845 00f6 DA68     	 ldr r2,[r3,#12]
 846 00f8 1544     	 add r5,r5,r2
 847 00fa DD60     	 str r5,[r3,#12]
 848 00fc 0AE0     	 b .L141
 849              	.L144:
 850 00fe DCF80010 	 ldr r1,[ip]
 851 0102 03EB070E 	 add lr,r3,r7
 852              	.L145:
 853 0106 03F8011B 	 strb r1,[r3],#1
 854 010a 7345     	 cmp r3,lr
 855 010c 4FEA1121 	 lsr r1,r1,#8
 856 0110 F9D1     	 bne .L145
 857 0112 EBE7     	 b .L146
 858              	.L141:
 859 0114 8369     	 ldr r3,[r0,#24]
 860 0116 43F01003 	 orr r3,r3,#16
 861 011a 8361     	 str r3,[r0,#24]
 862              	.L140:
 863 011c 3407     	 lsls r4,r6,#28
 864 011e 02D4     	 bmi .L147
 865              	.L154:
 866 0120 B001     	 lsls r0,r6,#6
 867 0122 19D4     	 bmi .L148
 868 0124 27E0     	 b .L149
 869              	.L147:
 870 0126 504B     	 ldr r3,.L242
 871 0128 1B68     	 ldr r3,[r3]
 872 012a 0822     	 movs r2,#8
 873 012c 5A61     	 str r2,[r3,#20]
 874 012e 4F4B     	 ldr r3,.L242+4
 875              	.L153:
 876 0130 598B     	 ldrh r1,[r3,#26]
 877 0132 40F20312 	 movw r2,#259
 878 0136 9142     	 cmp r1,r2
 879 0138 09D1     	 bne .L151
 880 013a 1A8B     	 ldrh r2,[r3,#24]
 881 013c 3AB1     	 cbz r2,.L151
 882 013e 013A     	 subs r2,r2,#1
 883 0140 92B2     	 uxth r2,r2
 884 0142 1A83     	 strh r2,[r3,#24]
 885 0144 1AB9     	 cbnz r2,.L151
 886 0146 DA8A     	 ldrh r2,[r3,#22]
 887 0148 1A83     	 strh r2,[r3,#24]
 888 014a 0122     	 movs r2,#1
 889 014c 5A77     	 strb r2,[r3,#29]
 890              	.L151:
 891 014e 494A     	 ldr r2,.L242+12
 892 0150 2033     	 adds r3,r3,#32
 893 0152 9342     	 cmp r3,r2
 894 0154 ECD1     	 bne .L153
 895 0156 E3E7     	 b .L154
 896              	.L148:
 897 0158 434F     	 ldr r7,.L242
 898 015a 474C     	 ldr r4,.L242+16
 899 015c 3B68     	 ldr r3,[r7]
 900 015e D3F81484 	 ldr r8,[r3,#1044]
 901 0162 0025     	 movs r5,#0
 902              	.L170:
 903 0164 28FA05F3 	 lsr r3,r8,r5
 904 0168 D907     	 lsls r1,r3,#31
 905 016a 15D4     	 bmi .L241
 906              	.L157:
 907 016c 0135     	 adds r5,r5,#1
 908 016e 0E2D     	 cmp r5,#14
 909 0170 04F12004 	 add r4,r4,#32
 910 0174 F6D1     	 bne .L170
 911              	.L149:
 912 0176 002E     	 cmp r6,#0
 913 0178 80F21181 	 bge .L156
 914 017c 3A4B     	 ldr r3,.L242
 915 017e 1A68     	 ldr r2,[r3]
 916 0180 9B68     	 ldr r3,[r3,#8]
 917 0182 4FF00041 	 mov r1,#-2147483648
 918 0186 5161     	 str r1,[r2,#20]
 919 0188 4FF48071 	 mov r1,#256
 920 018c C2F8001E 	 str r1,[r2,#3584]
 921 0190 0020     	 movs r0,#0
 922 0192 4021     	 movs r1,#64
 923 0194 9847     	 blx r3
 924 0196 02E1     	 b .L156
 925              	.L241:
 926 0198 0123     	 movs r3,#1
 927 019a AB40     	 lsls r3,r3,r5
 928 019c D7F804E0 	 ldr lr,[r7,#4]
 929 01a0 28EA0308 	 bic r8,r8,r3
 930 01a4 6B01     	 lsls r3,r5,#5
 931 01a6 0EEB0300 	 add r0,lr,r3
 932 01aa 8268     	 ldr r2,[r0,#8]
 933 01ac C168     	 ldr r1,[r0,#12]
 934 01ae 1140     	 ands r1,r1,r2
 935 01b0 8A07     	 lsls r2,r1,#30
 936 01b2 41BF     	 itttt mi
 937 01b4 0021     	 movmi r1,#0
 938 01b6 40F2BB72 	 movwmi r2,#1979
 939 01ba C160     	 strmi r1,[r0,#12]
 940 01bc 8260     	 strmi r2,[r0,#8]
 941 01be 48BF     	 it mi
 942 01c0 A170     	 strbmi r1,[r4,#2]
 943 01c2 CA07     	 lsls r2,r1,#31
 944 01c4 2ED5     	 bpl .L159
 945 01c6 40F2BB72 	 movw r2,#1979
 946 01ca 8260     	 str r2,[r0,#8]
 947 01cc 5EF80320 	 ldr r2,[lr,r3]
 948 01d0 12F4004C 	 ands ip,r2,#32768
 949 01d4 16D1     	 bne .L160
 950 01d6 C0F80CC0 	 str ip,[r0,#12]
 951 01da 54F80A1C 	 ldr r1,[r4,#-10]
 952 01de 54F80E2C 	 ldr r2,[r4,#-14]
 953 01e2 84F802C0 	 strb ip,[r4,#2]
 954 01e6 0A44     	 add r2,r2,r1
 955 01e8 54F8121C 	 ldr r1,[r4,#-18]
 956 01ec 44F80E2C 	 str r2,[r4,#-14]
 957 01f0 8A42     	 cmp r2,r1
 958 01f2 08BF     	 it eq
 959 01f4 0122     	 moveq r2,#1
 960 01f6 44F80ACC 	 str ip,[r4,#-10]
 961 01fa 04BF     	 itt eq
 962 01fc 84F801C0 	 strbeq ip,[r4,#1]
 963 0200 2271     	 strbeq r2,[r4,#4]
 964 0202 6146     	 mov r1,ip
 965              	.L160:
 966 0204 5EF80320 	 ldr r2,[lr,r3]
 967 0208 1204     	 lsls r2,r2,#16
 968 020a 0BD5     	 bpl .L159
 969 020c 0022     	 movs r2,#0
 970 020e 6270     	 strb r2,[r4,#1]
 971 0210 0122     	 movs r2,#1
 972 0212 2271     	 strb r2,[r4,#4]
 973 0214 0222     	 movs r2,#2
 974 0216 C260     	 str r2,[r0,#12]
 975 0218 5EF80320 	 ldr r2,[lr,r3]
 976 021c 42F04042 	 orr r2,r2,#-1073741824
 977 0220 4EF80320 	 str r2,[lr,r3]
 978              	.L159:
 979 0224 8A06     	 lsls r2,r1,#26
 980 0226 34D5     	 bpl .L161
 981 0228 2022     	 movs r2,#32
 982 022a 8260     	 str r2,[r0,#8]
 983 022c 134A     	 ldr r2,.L242+20
 984 022e 0021     	 movs r1,#0
 985 0230 A954     	 strb r1,[r5,r2]
 986 0232 5EF80320 	 ldr r2,[lr,r3]
 987 0236 12F40042 	 ands r2,r2,#32768
 988 023a 21D0     	 beq .L162
 989 023c 54F80E9C 	 ldr r9,[r4,#-14]
 990 0240 54F8122C 	 ldr r2,[r4,#-18]
 991 0244 4A45     	 cmp r2,r9
 992 0246 24D0     	 beq .L161
 993 0248 54F80A2C 	 ldr r2,[r4,#-10]
 994 024c 02B3     	 cbz r2,.L181
 995 024e 34F8062C 	 ldrh r2,[r4,#-6]
 996 0252 B9FBF2FC 	 udiv ip,r9,r2
 997 0256 02FB1C92 	 mls r2,r2,ip,r9
 998 025a D2B9     	 cbnz r2,.L161
 999 025c 5EF80310 	 ldr r1,[lr,r3]
 1000 0260 41F00041 	 orr r1,r1,#-2147483648
 1001 0264 12E0     	 b .L239
 1002              	.L243:
 1003 0266 00BF     	 .align 2
 1004              	.L242:
 1005 0268 00000000 	 .word .LANCHOR1
 1006 026c 00000000 	 .word pipe
 1007 0270 00000000 	 .word .LANCHOR4
 1008 0274 C0010000 	 .word pipe+448
 1009 0278 1A000000 	 .word pipe+26
 1010 027c 00000000 	 .word is_nack
 1011              	.L162:
 1012 0280 0221     	 movs r1,#2
 1013 0282 C160     	 str r1,[r0,#12]
 1014 0284 5EF80310 	 ldr r1,[lr,r3]
 1015 0288 41F04041 	 orr r1,r1,#-1073741824
 1016              	.L239:
 1017 028c 4EF80310 	 str r1,[lr,r3]
 1018              	.L181:
 1019 0290 1146     	 mov r1,r2
 1020              	.L161:
 1021 0292 11F4F36F 	 tst r1,#1944
 1022 0296 5EF80320 	 ldr r2,[lr,r3]
 1023 029a 19D0     	 beq .L163
 1024 029c 1204     	 lsls r2,r2,#16
 1025 029e 17D4     	 bmi .L163
 1026 02a0 0269     	 ldr r2,[r0,#16]
 1027 02a2 5EF80390 	 ldr r9,[lr,r3]
 1028 02a6 54F80AAC 	 ldr r10,[r4,#-10]
 1029 02aa C9F30A09 	 ubfx r9,r9,#0,#11
 1030 02ae CA45     	 cmp r10,r9
 1031 02b0 0BD3     	 bcc .L164
 1032 02b2 C2F3C94C 	 ubfx ip,r2,#19,#10
 1033 02b6 BCF1000F 	 cmp ip,#0
 1034 02ba 06D0     	 beq .L164
 1035 02bc 54F80E2C 	 ldr r2,[r4,#-14]
 1036 02c0 5244     	 add r2,r2,r10
 1037 02c2 09FB1C22 	 mls r2,r9,ip,r2
 1038 02c6 44F80E2C 	 str r2,[r4,#-14]
 1039              	.L164:
 1040 02ca 0022     	 movs r2,#0
 1041 02cc 44F80A2C 	 str r2,[r4,#-10]
 1042              	.L163:
 1043 02d0 CA06     	 lsls r2,r1,#27
 1044 02d2 27D5     	 bpl .L165
 1045 02d4 514A     	 ldr r2,.L244
 1046 02d6 0121     	 movs r1,#1
 1047 02d8 A954     	 strb r1,[r5,r2]
 1048 02da 2279     	 ldrb r2,[r4,#4]
 1049 02dc 42F00202 	 orr r2,r2,#2
 1050 02e0 2271     	 strb r2,[r4,#4]
 1051 02e2 1022     	 movs r2,#16
 1052 02e4 8260     	 str r2,[r0,#8]
 1053 02e6 5EF80310 	 ldr r1,[lr,r3]
 1054 02ea 11F40041 	 ands r1,r1,#32768
 1055 02ee 11D0     	 beq .L166
 1056 02f0 2278     	 ldrb r2,[r4]
 1057 02f2 032A     	 cmp r2,#3
 1058 02f4 03BF     	 ittte eq
 1059 02f6 0222     	 moveq r2,#2
 1060 02f8 C260     	 streq r2,[r0,#12]
 1061 02fa 5EF80320 	 ldreq r2,[lr,r3]
 1062 02fe 5EF80320 	 ldrne r2,[lr,r3]
 1063 0302 0CBF     	 ite eq
 1064 0304 42F04042 	 orreq r2,r2,#-1073741824
 1065 0308 42F00042 	 orrne r2,r2,#-2147483648
 1066 030c 4EF80320 	 str r2,[lr,r3]
 1067 0310 0021     	 movs r1,#0
 1068 0312 07E0     	 b .L165
 1069              	.L166:
 1070 0314 0222     	 movs r2,#2
 1071 0316 C260     	 str r2,[r0,#12]
 1072 0318 5EF80320 	 ldr r2,[lr,r3]
 1073 031c 42F04042 	 orr r2,r2,#-1073741824
 1074 0320 4EF80320 	 str r2,[lr,r3]
 1075              	.L165:
 1076 0324 0A07     	 lsls r2,r1,#28
 1077 0326 15D5     	 bpl .L168
 1078 0328 0822     	 movs r2,#8
 1079 032a 8260     	 str r2,[r0,#8]
 1080 032c 54F81A2C 	 ldr r2,[r4,#-26]
 1081 0330 22F0F002 	 bic r2,r2,#240
 1082 0334 42F01002 	 orr r2,r2,#16
 1083 0338 44F81A2C 	 str r2,[r4,#-26]
 1084 033c 1022     	 movs r2,#16
 1085 033e 2271     	 strb r2,[r4,#4]
 1086 0340 0021     	 movs r1,#0
 1087 0342 0222     	 movs r2,#2
 1088 0344 6170     	 strb r1,[r4,#1]
 1089 0346 C260     	 str r2,[r0,#12]
 1090 0348 5EF80320 	 ldr r2,[lr,r3]
 1091 034c 42F04042 	 orr r2,r2,#-1073741824
 1092 0350 4EF80320 	 str r2,[lr,r3]
 1093              	.L168:
 1094 0354 11F4F06F 	 tst r1,#1920
 1095 0358 0ED0     	 beq .L169
 1096 035a 4FF4F062 	 mov r2,#1920
 1097 035e 8260     	 str r2,[r0,#8]
 1098 0360 0022     	 movs r2,#0
 1099 0362 6270     	 strb r2,[r4,#1]
 1100 0364 4022     	 movs r2,#64
 1101 0366 2271     	 strb r2,[r4,#4]
 1102 0368 0222     	 movs r2,#2
 1103 036a C260     	 str r2,[r0,#12]
 1104 036c 5EF80320 	 ldr r2,[lr,r3]
 1105 0370 42F04042 	 orr r2,r2,#-1073741824
 1106 0374 4EF80320 	 str r2,[lr,r3]
 1107              	.L169:
 1108 0378 A378     	 ldrb r3,[r4,#2]
 1109 037a 002B     	 cmp r3,#0
 1110 037c 7FF4F6AE 	 bne .L157
 1111 0380 94F80190 	 ldrb r9,[r4,#1]
 1112 0384 B9F1000F 	 cmp r9,#0
 1113 0388 7FF4F0AE 	 bne .L157
 1114 038c 2179     	 ldrb r1,[r4,#4]
 1115 038e 0029     	 cmp r1,#0
 1116 0390 3FF4ECAE 	 beq .L157
 1117 0394 FB68     	 ldr r3,[r7,#12]
 1118 0396 9847     	 blx r3
 1119 0398 84F80490 	 strb r9,[r4,#4]
 1120 039c E6E6     	 b .L157
 1121              	.L156:
 1122 039e 204C     	 ldr r4,.L244+4
 1123 03a0 0025     	 movs r5,#0
 1124              	.L177:
 1125 03a2 14F8053C 	 ldrb r3,[r4,#-5]
 1126 03a6 012B     	 cmp r3,#1
 1127 03a8 A4F12000 	 sub r0,r4,#32
 1128 03ac 2AD1     	 bne .L171
 1129 03ae 14F8042C 	 ldrb r2,[r4,#-4]
 1130 03b2 3ABB     	 cbnz r2,.L171
 1131 03b4 14F8063C 	 ldrb r3,[r4,#-6]
 1132 03b8 032B     	 cmp r3,#3
 1133 03ba 2AD0     	 beq .L172
 1134 03bc 174B     	 ldr r3,.L244
 1135 03be E95C     	 ldrb r1,[r5,r3]
 1136 03c0 99B9     	 cbnz r1,.L173
 1137 03c2 54F8203C 	 ldr r3,[r4,#-32]
 1138 03c6 03F0F002 	 and r2,r3,#240
 1139 03ca 102A     	 cmp r2,#16
 1140 03cc 06D0     	 beq .L175
 1141 03ce 202A     	 cmp r2,#32
 1142 03d0 0CD1     	 bne .L178
 1143 03d2 23F0F003 	 bic r3,r3,#240
 1144 03d6 43F01003 	 orr r3,r3,#16
 1145 03da 03E0     	 b .L238
 1146              	.L175:
 1147 03dc 23F0F003 	 bic r3,r3,#240
 1148 03e0 43F02003 	 orr r3,r3,#32
 1149              	.L238:
 1150 03e4 44F8203C 	 str r3,[r4,#-32]
 1151 03e8 00E0     	 b .L178
 1152              	.L173:
 1153 03ea EA54     	 strb r2,[r5,r3]
 1154              	.L178:
 1155 03ec 0023     	 movs r3,#0
 1156 03ee 04F8033C 	 strb r3,[r4,#-3]
 1157 03f2 0123     	 movs r3,#1
 1158 03f4 04F8043C 	 strb r3,[r4,#-4]
 1159 03f8 0A4B     	 ldr r3,.L244+8
 1160 03fa 5968     	 ldr r1,[r3,#4]
 1161 03fc 01EB4511 	 add r1,r1,r5,lsl#5
 1162 0400 FFF7FEFF 	 bl XMC_lStartTransfer
 1163              	.L171:
 1164 0404 0135     	 adds r5,r5,#1
 1165 0406 0E2D     	 cmp r5,#14
 1166 0408 04F12004 	 add r4,r4,#32
 1167 040c C9D1     	 bne .L177
 1168 040e BDE8F087 	 pop {r4,r5,r6,r7,r8,r9,r10,pc}
 1169              	.L172:
 1170 0412 14F8033C 	 ldrb r3,[r4,#-3]
 1171 0416 012B     	 cmp r3,#1
 1172 0418 F4D1     	 bne .L171
 1173 041a E7E7     	 b .L178
 1174              	.L245:
 1175              	 .align 2
 1176              	.L244:
 1177 041c 00000000 	 .word is_nack
 1178 0420 20000000 	 .word pipe+32
 1179 0424 00000000 	 .word .LANCHOR1
 1181              	 .section .text.XMC_USBH_GetInterruptStatus,"ax",%progbits
 1182              	 .align 1
 1183              	 .global XMC_USBH_GetInterruptStatus
 1184              	 .thumb
 1185              	 .thumb_func
 1187              	XMC_USBH_GetInterruptStatus:
 1188              	 
 1189              	 
 1190              	 
 1191 0000 014B     	 ldr r3,.L247
 1192 0002 1B68     	 ldr r3,[r3]
 1193 0004 5869     	 ldr r0,[r3,#20]
 1194 0006 7047     	 bx lr
 1195              	.L248:
 1196              	 .align 2
 1197              	.L247:
 1198 0008 00000000 	 .word .LANCHOR1
 1200              	 .section .text.XMC_USBH_Select_VBUS,"ax",%progbits
 1201              	 .align 1
 1202              	 .global XMC_USBH_Select_VBUS
 1203              	 .thumb
 1204              	 .thumb_func
 1206              	XMC_USBH_Select_VBUS:
 1207              	 
 1208              	 
 1209              	 
 1210 0000 034B     	 ldr r3,.L250
 1211 0002 1860     	 str r0,[r3]
 1212 0004 034B     	 ldr r3,.L250+4
 1213 0006 8822     	 movs r2,#136
 1214 0008 1960     	 str r1,[r3]
 1215 000a C9B2     	 uxtb r1,r1
 1216 000c FFF7FEBF 	 b XMC_GPIO_SetMode
 1217              	.L251:
 1218              	 .align 2
 1219              	.L250:
 1220 0010 00000000 	 .word .LANCHOR2
 1221 0014 00000000 	 .word .LANCHOR3
 1223              	 .section .text.XMC_USBH_TurnOffResumeBit,"ax",%progbits
 1224              	 .align 1
 1225              	 .global XMC_USBH_TurnOffResumeBit
 1226              	 .thumb
 1227              	 .thumb_func
 1229              	XMC_USBH_TurnOffResumeBit:
 1230              	 
 1231              	 
 1232              	 
 1233 0000 044B     	 ldr r3,.L253
 1234 0002 1A68     	 ldr r2,[r3]
 1235 0004 D2F84034 	 ldr r3,[r2,#1088]
 1236 0008 23F04403 	 bic r3,r3,#68
 1237 000c C2F84034 	 str r3,[r2,#1088]
 1238 0010 7047     	 bx lr
 1239              	.L254:
 1240 0012 00BF     	 .align 2
 1241              	.L253:
 1242 0014 00000000 	 .word .LANCHOR1
 1244              	 .section .text.XMC_USBH_osDelay,"ax",%progbits
 1245              	 .align 1
 1246              	 .weak XMC_USBH_osDelay
 1247              	 .thumb
 1248              	 .thumb_func
 1250              	XMC_USBH_osDelay:
 1251              	 
 1252              	 
 1253              	 
 1254              	.L256:
 1255 0000 FEE7     	 b .L256
 1257              	 .section .text.XMC_USBH_PipeTransferAbort,"ax",%progbits
 1258              	 .align 1
 1259              	 .thumb
 1260              	 .thumb_func
 1262              	XMC_USBH_PipeTransferAbort:
 1263              	 
 1264              	 
 1265 0000 38B5     	 push {r3,r4,r5,lr}
 1266 0002 1E4B     	 ldr r3,.L272
 1267 0004 5A7C     	 ldrb r2,[r3,#17]
 1268 0006 0446     	 mov r4,r0
 1269 0008 12B9     	 cbnz r2,.L258
 1270              	.L260:
 1271 000a 4FF0FF30 	 mov r0,#-1
 1272 000e 38BD     	 pop {r3,r4,r5,pc}
 1273              	.L258:
 1274 0010 0028     	 cmp r0,#0
 1275 0012 30D0     	 beq .L264
 1276 0014 5B68     	 ldr r3,[r3,#4]
 1277 0016 1A4A     	 ldr r2,.L272+4
 1278 0018 C31A     	 subs r3,r0,r3
 1279 001a 23F01F03 	 bic r3,r3,#31
 1280 001e 1344     	 add r3,r3,r2
 1281 0020 DA78     	 ldrb r2,[r3,#3]
 1282 0022 002A     	 cmp r2,#0
 1283 0024 F1D0     	 beq .L260
 1284 0026 0022     	 movs r2,#0
 1285 0028 DA70     	 strb r2,[r3,#3]
 1286 002a 8068     	 ldr r0,[r0,#8]
 1287 002c 10F00205 	 ands r5,r0,#2
 1288 0030 EBD1     	 bne .L260
 1289 0032 2368     	 ldr r3,[r4]
 1290 0034 9342     	 cmp r3,r2
 1291 0036 E8DA     	 bge .L260
 1292 0038 E560     	 str r5,[r4,#12]
 1293 003a 0120     	 movs r0,#1
 1294 003c FFF7FEFF 	 bl XMC_USBH_osDelay
 1295 0040 A368     	 ldr r3,[r4,#8]
 1296 0042 13F0100F 	 tst r3,#16
 1297 0046 40F2BB73 	 movw r3,#1979
 1298 004a A360     	 str r3,[r4,#8]
 1299 004c 01D0     	 beq .L261
 1300 004e 2846     	 mov r0,r5
 1301 0050 38BD     	 pop {r3,r4,r5,pc}
 1302              	.L261:
 1303 0052 2368     	 ldr r3,[r4]
 1304 0054 43F04043 	 orr r3,r3,#-1073741824
 1305 0058 2360     	 str r3,[r4]
 1306 005a 4FF0FF30 	 mov r0,#-1
 1307 005e 41F28833 	 movw r3,#5000
 1308              	.L263:
 1309 0062 A268     	 ldr r2,[r4,#8]
 1310 0064 9207     	 lsls r2,r2,#30
 1311 0066 42BF     	 ittt mi
 1312 0068 40F2BB72 	 movwmi r2,#1979
 1313 006c A260     	 strmi r2,[r4,#8]
 1314 006e 0020     	 movmi r0,#0
 1315 0070 013B     	 subs r3,r3,#1
 1316 0072 F6D1     	 bne .L263
 1317 0074 38BD     	 pop {r3,r4,r5,pc}
 1318              	.L264:
 1319 0076 6FF00400 	 mvn r0,#4
 1320 007a 38BD     	 pop {r3,r4,r5,pc}
 1321              	.L273:
 1322              	 .align 2
 1323              	.L272:
 1324 007c 00000000 	 .word .LANCHOR1
 1325 0080 18000000 	 .word pipe+24
 1327              	 .section .text.XMC_USBH_PortResume,"ax",%progbits
 1328              	 .align 1
 1329              	 .thumb
 1330              	 .thumb_func
 1332              	XMC_USBH_PortResume:
 1333              	 
 1334              	 
 1335 0000 38B5     	 push {r3,r4,r5,lr}
 1336 0002 124D     	 ldr r5,.L278
 1337 0004 6B7C     	 ldrb r3,[r5,#17]
 1338 0006 0446     	 mov r4,r0
 1339 0008 CBB1     	 cbz r3,.L276
 1340 000a D8B9     	 cbnz r0,.L277
 1341 000c 2A68     	 ldr r2,[r5]
 1342 000e 4FF48073 	 mov r3,#256
 1343 0012 C2F8003E 	 str r3,[r2,#3584]
 1344 0016 D2F84034 	 ldr r3,[r2,#1088]
 1345 001a 23F00403 	 bic r3,r3,#4
 1346 001e 43F04003 	 orr r3,r3,#64
 1347 0022 C2F84034 	 str r3,[r2,#1088]
 1348 0026 1420     	 movs r0,#20
 1349 0028 FFF7FEFF 	 bl XMC_USBH_osDelay
 1350 002c 2A68     	 ldr r2,[r5]
 1351 002e D2F84034 	 ldr r3,[r2,#1088]
 1352 0032 23F04403 	 bic r3,r3,#68
 1353 0036 C2F84034 	 str r3,[r2,#1088]
 1354 003a 2046     	 mov r0,r4
 1355 003c 38BD     	 pop {r3,r4,r5,pc}
 1356              	.L276:
 1357 003e 4FF0FF30 	 mov r0,#-1
 1358 0042 38BD     	 pop {r3,r4,r5,pc}
 1359              	.L277:
 1360 0044 6FF00400 	 mvn r0,#4
 1361 0048 38BD     	 pop {r3,r4,r5,pc}
 1362              	.L279:
 1363 004a 00BF     	 .align 2
 1364              	.L278:
 1365 004c 00000000 	 .word .LANCHOR1
 1367              	 .section .text.XMC_USBH_PortReset,"ax",%progbits
 1368              	 .align 1
 1369              	 .thumb
 1370              	 .thumb_func
 1372              	XMC_USBH_PortReset:
 1373              	 
 1374              	 
 1375 0000 70B5     	 push {r4,r5,r6,lr}
 1376 0002 164C     	 ldr r4,.L291
 1377 0004 637C     	 ldrb r3,[r4,#17]
 1378 0006 2BB3     	 cbz r3,.L284
 1379 0008 2268     	 ldr r2,[r4]
 1380 000a D2F84054 	 ldr r5,[r2,#1088]
 1381 000e 0123     	 movs r3,#1
 1382 0010 A374     	 strb r3,[r4,#18]
 1383 0012 25F00403 	 bic r3,r5,#4
 1384 0016 43F48073 	 orr r3,r3,#256
 1385 001a 0028     	 cmp r0,#0
 1386 001c C2F84034 	 str r3,[r2,#1088]
 1387 0020 4FF03200 	 mov r0,#50
 1388 0024 0CBF     	 ite eq
 1389 0026 0026     	 moveq r6,#0
 1390 0028 6FF00406 	 mvnne r6,#4
 1391 002c FFF7FEFF 	 bl XMC_USBH_osDelay
 1392 0030 2368     	 ldr r3,[r4]
 1393 0032 25F48275 	 bic r5,r5,#260
 1394 0036 C3F84054 	 str r5,[r3,#1088]
 1395 003a 3220     	 movs r0,#50
 1396 003c FFF7FEFF 	 bl XMC_USBH_osDelay
 1397 0040 2268     	 ldr r2,[r4]
 1398              	.L283:
 1399 0042 D2F84034 	 ldr r3,[r2,#1088]
 1400 0046 5B07     	 lsls r3,r3,#29
 1401 0048 FBD5     	 bpl .L283
 1402 004a A37C     	 ldrb r3,[r4,#18]
 1403 004c 23B1     	 cbz r3,.L281
 1404 004e 034B     	 ldr r3,.L291
 1405 0050 0022     	 movs r2,#0
 1406 0052 9A74     	 strb r2,[r3,#18]
 1407              	.L284:
 1408 0054 4FF0FF36 	 mov r6,#-1
 1409              	.L281:
 1410 0058 3046     	 mov r0,r6
 1411 005a 70BD     	 pop {r4,r5,r6,pc}
 1412              	.L292:
 1413              	 .align 2
 1414              	.L291:
 1415 005c 00000000 	 .word .LANCHOR1
 1417              	 .section .text.XMC_USBH_PowerControl,"ax",%progbits
 1418              	 .align 1
 1419              	 .thumb
 1420              	 .thumb_func
 1422              	XMC_USBH_PowerControl:
 1423              	 
 1424              	 
 1425 0000 38B5     	 push {r3,r4,r5,lr}
 1426 0002 0446     	 mov r4,r0
 1427 0004 10B1     	 cbz r0,.L295
 1428 0006 0228     	 cmp r0,#2
 1429 0008 25D0     	 beq .L296
 1430 000a 92E0     	 b .L309
 1431              	.L295:
 1432 000c 4D4D     	 ldr r5,.L310
 1433 000e 4E4B     	 ldr r3,.L310+4
 1434 0010 4FF40062 	 mov r2,#2048
 1435 0014 C3F88C20 	 str r2,[r3,#140]
 1436 0018 C3F88C21 	 str r2,[r3,#396]
 1437 001c 2A68     	 ldr r2,[r5]
 1438 001e 6874     	 strb r0,[r5,#17]
 1439 0020 9368     	 ldr r3,[r2,#8]
 1440 0022 4A48     	 ldr r0,.L310+8
 1441 0024 23F00103 	 bic r3,r3,#1
 1442 0028 9360     	 str r3,[r2,#8]
 1443 002a FFF7FEFF 	 bl XMC_SCU_CLOCK_GatePeripheralClock
 1444 002e 2A68     	 ldr r2,[r5]
 1445 0030 D2F8003E 	 ldr r3,[r2,#3584]
 1446 0034 43F00103 	 orr r3,r3,#1
 1447 0038 C2F8003E 	 str r3,[r2,#3584]
 1448 003c FFF7FEFF 	 bl XMC_SCU_POWER_DisableUsb
 1449 0040 4248     	 ldr r0,.L310+8
 1450 0042 FFF7FEFF 	 bl XMC_SCU_RESET_AssertPeripheralReset
 1451 0046 2146     	 mov r1,r4
 1452 0048 4FF4E072 	 mov r2,#448
 1453 004c 4048     	 ldr r0,.L310+12
 1454 004e AC74     	 strb r4,[r5,#18]
 1455 0050 FFF7FEFF 	 bl memset
 1456 0054 73E0     	 b .L302
 1457              	.L296:
 1458 0056 3B4D     	 ldr r5,.L310
 1459 0058 2B7C     	 ldrb r3,[r5,#16]
 1460 005a 002B     	 cmp r3,#0
 1461 005c 6CD0     	 beq .L301
 1462 005e 6B7C     	 ldrb r3,[r5,#17]
 1463 0060 022B     	 cmp r3,#2
 1464 0062 6CD0     	 beq .L302
 1465 0064 3948     	 ldr r0,.L310+8
 1466 0066 FFF7FEFF 	 bl XMC_SCU_CLOCK_UngatePeripheralClock
 1467 006a 2046     	 mov r0,r4
 1468 006c FFF7FEFF 	 bl XMC_USBH_osDelay
 1469 0070 3648     	 ldr r0,.L310+8
 1470 0072 FFF7FEFF 	 bl XMC_SCU_RESET_DeassertPeripheralReset
 1471 0076 2046     	 mov r0,r4
 1472 0078 FFF7FEFF 	 bl XMC_USBH_osDelay
 1473 007c 6420     	 movs r0,#100
 1474 007e FFF7FEFF 	 bl XMC_USBH_osDelay
 1475 0082 FFF7FEFF 	 bl XMC_SCU_POWER_EnableUsb
 1476 0086 2B68     	 ldr r3,[r5]
 1477 0088 D3F8002E 	 ldr r2,[r3,#3584]
 1478 008c 22F00102 	 bic r2,r2,#1
 1479 0090 C3F8002E 	 str r2,[r3,#3584]
 1480 0094 DA68     	 ldr r2,[r3,#12]
 1481 0096 42F04002 	 orr r2,r2,#64
 1482 009a DA60     	 str r2,[r3,#12]
 1483              	.L297:
 1484 009c 1A69     	 ldr r2,[r3,#16]
 1485 009e 002A     	 cmp r2,#0
 1486 00a0 FCDA     	 bge .L297
 1487 00a2 1A69     	 ldr r2,[r3,#16]
 1488 00a4 42F00102 	 orr r2,r2,#1
 1489 00a8 1A61     	 str r2,[r3,#16]
 1490              	.L298:
 1491 00aa 1C69     	 ldr r4,[r3,#16]
 1492 00ac 14F00104 	 ands r4,r4,#1
 1493 00b0 FBD1     	 bne .L298
 1494 00b2 6420     	 movs r0,#100
 1495 00b4 FFF7FEFF 	 bl XMC_USBH_osDelay
 1496 00b8 4FF4E072 	 mov r2,#448
 1497 00bc 2448     	 ldr r0,.L310+12
 1498 00be AC74     	 strb r4,[r5,#18]
 1499 00c0 2146     	 mov r1,r4
 1500 00c2 FFF7FEFF 	 bl memset
 1501 00c6 2B68     	 ldr r3,[r5]
 1502 00c8 DA68     	 ldr r2,[r3,#12]
 1503 00ca 02F0C042 	 and r2,r2,#1610612736
 1504 00ce B2F1005F 	 cmp r2,#536870912
 1505 00d2 0AD0     	 beq .L299
 1506 00d4 DA68     	 ldr r2,[r3,#12]
 1507 00d6 22F08042 	 bic r2,r2,#1073741824
 1508 00da DA60     	 str r2,[r3,#12]
 1509 00dc DA68     	 ldr r2,[r3,#12]
 1510 00de 42F00052 	 orr r2,r2,#536870912
 1511 00e2 DA60     	 str r2,[r3,#12]
 1512 00e4 6420     	 movs r0,#100
 1513 00e6 FFF7FEFF 	 bl XMC_USBH_osDelay
 1514              	.L299:
 1515 00ea 2B68     	 ldr r3,[r5]
 1516 00ec D3F80024 	 ldr r2,[r3,#1024]
 1517 00f0 42F40172 	 orr r2,r2,#516
 1518 00f4 C3F80024 	 str r2,[r3,#1024]
 1519 00f8 4FF48D72 	 mov r2,#282
 1520 00fc 5A62     	 str r2,[r3,#36]
 1521 00fe 02F58012 	 add r2,r2,#1048576
 1522 0102 9A62     	 str r2,[r3,#40]
 1523 0104 134A     	 ldr r2,.L310+16
 1524 0106 C3F80021 	 str r2,[r3,#256]
 1525 010a 43F6FF72 	 movw r2,#16383
 1526 010e C3F81824 	 str r2,[r3,#1048]
 1527 0112 114A     	 ldr r2,.L310+20
 1528 0114 9A61     	 str r2,[r3,#24]
 1529 0116 0222     	 movs r2,#2
 1530 0118 6A74     	 strb r2,[r5,#17]
 1531 011a 9A68     	 ldr r2,[r3,#8]
 1532 011c 42F00102 	 orr r2,r2,#1
 1533 0120 9A60     	 str r2,[r3,#8]
 1534 0122 094B     	 ldr r3,.L310+4
 1535 0124 0020     	 movs r0,#0
 1536 0126 83F86B03 	 strb r0,[r3,#875]
 1537 012a 4FF40062 	 mov r2,#2048
 1538 012e DA60     	 str r2,[r3,#12]
 1539 0130 38BD     	 pop {r3,r4,r5,pc}
 1540              	.L309:
 1541 0132 6FF00300 	 mvn r0,#3
 1542 0136 38BD     	 pop {r3,r4,r5,pc}
 1543              	.L301:
 1544 0138 4FF0FF30 	 mov r0,#-1
 1545 013c 38BD     	 pop {r3,r4,r5,pc}
 1546              	.L302:
 1547 013e 0020     	 movs r0,#0
 1548 0140 38BD     	 pop {r3,r4,r5,pc}
 1549              	.L311:
 1550 0142 00BF     	 .align 2
 1551              	.L310:
 1552 0144 00000000 	 .word .LANCHOR1
 1553 0148 00E100E0 	 .word -536813312
 1554 014c 80000020 	 .word 536871040
 1555 0150 00000000 	 .word pipe
 1556 0154 2A010001 	 .word 16777514
 1557 0158 180000A3 	 .word -1560281064
 1559              	 .section .text.XMC_USBH_Uninitialize,"ax",%progbits
 1560              	 .align 1
 1561              	 .thumb
 1562              	 .thumb_func
 1564              	XMC_USBH_Uninitialize:
 1565              	 
 1566              	 
 1567 0000 10B5     	 push {r4,lr}
 1568 0002 044B     	 ldr r3,.L313
 1569 0004 0024     	 movs r4,#0
 1570 0006 2046     	 mov r0,r4
 1571 0008 1C74     	 strb r4,[r3,#16]
 1572 000a FFF7FEFF 	 bl XMC_USBH_PowerControl
 1573 000e 2046     	 mov r0,r4
 1574 0010 10BD     	 pop {r4,pc}
 1575              	.L314:
 1576 0012 00BF     	 .align 2
 1577              	.L313:
 1578 0014 00000000 	 .word .LANCHOR1
 1580              	 .global Driver_USBH0
 1581              	 .comm pipe,448,4
 1582              	 .comm is_nack,14,1
 1583              	 .global VBUS_pin
 1584              	 .global VBUS_port
 1585              	 .section .data.XMC_USBH0_device,"aw",%progbits
 1586              	 .align 2
 1587              	 .set .LANCHOR1,.+0
 1590              	XMC_USBH0_device:
 1591 0000 00000450 	 .word 1342439424
 1592 0004 00050450 	 .word 1342440704
 1593 0008 00000000 	 .word 0
 1594 000c 00000000 	 .word 0
 1595 0010 00       	 .byte 0
 1596 0011 00       	 .byte 0
 1597 0012 00       	 .byte 0
 1598 0013 00       	 .space 1
 1599              	 .section .bss.XMC_USBH0_dfifo_ptr,"aw",%nobits
 1600              	 .align 2
 1601              	 .set .LANCHOR4,.+0
 1604              	XMC_USBH0_dfifo_ptr:
 1605 0000 00000000 	 .space 56
 1605      00000000 
 1605      00000000 
 1605      00000000 
 1605      00000000 
 1606              	 .section .data.VBUS_pin,"aw",%progbits
 1607              	 .align 2
 1608              	 .set .LANCHOR3,.+0
 1611              	VBUS_pin:
 1612 0000 02000000 	 .word 2
 1613              	 .section .data.VBUS_port,"aw",%progbits
 1614              	 .align 2
 1615              	 .set .LANCHOR2,.+0
 1618              	VBUS_port:
 1619 0000 00830248 	 .word 1208124160
 1620              	 .section .rodata.xmc_usbh_driver_version,"a",%progbits
 1621              	 .align 1
 1622              	 .set .LANCHOR0,.+0
 1625              	xmc_usbh_driver_version:
 1626 0000 0102     	 .short 513
 1627 0002 0801     	 .short 264
 1628              	 .section .rodata.Driver_USBH0,"a",%progbits
 1629              	 .align 2
 1632              	Driver_USBH0:
 1633 0000 00000000 	 .word XMC_USBH_GetVersion
 1634 0004 00000000 	 .word XMC_USBH_GetCapabilities
 1635 0008 00000000 	 .word XMC_USBH_Initialize
 1636 000c 00000000 	 .word XMC_USBH_Uninitialize
 1637 0010 00000000 	 .word XMC_USBH_PowerControl
 1638 0014 00000000 	 .word XMC_USBH_PortVbusOnOff
 1639 0018 00000000 	 .word XMC_USBH_PortReset
 1640 001c 00000000 	 .word XMC_USBH_PortSuspend
 1641 0020 00000000 	 .word XMC_USBH_PortResume
 1642 0024 00000000 	 .word XMC_USBH_PortGetState
 1643 0028 00000000 	 .word XMC_USBH_PipeCreate
 1644 002c 00000000 	 .word XMC_USBH_PipeModify
 1645 0030 00000000 	 .word XMC_USBH_PipeDelete
 1646 0034 00000000 	 .word XMC_USBH_PipeReset
 1647 0038 00000000 	 .word XMC_USBH_PipeTransfer
 1648 003c 00000000 	 .word XMC_USBH_PipeTransferGetResult
 1649 0040 00000000 	 .word XMC_USBH_PipeTransferAbort
 1650 0044 00000000 	 .word XMC_USBH_GetFrameNumber
 1651              	 .ident "GCC: (GNU Tools for ARM Embedded Processors) 4.9.3 20141119 (release) [ARM/embedded-4_9-branch revision 218278]"
DEFINED SYMBOLS
                            *ABS*:00000000 xmc_usbh.c
    {standard input}:17     .text.XMC_USBH_GetVersion:00000000 $t
    {standard input}:21     .text.XMC_USBH_GetVersion:00000000 XMC_USBH_GetVersion
    {standard input}:40     .text.XMC_USBH_GetVersion:00000020 $d
    {standard input}:43     .text.XMC_USBH_GetCapabilities:00000000 $t
    {standard input}:47     .text.XMC_USBH_GetCapabilities:00000000 XMC_USBH_GetCapabilities
    {standard input}:60     .text.XMC_USBH_PortSuspend:00000000 $t
    {standard input}:64     .text.XMC_USBH_PortSuspend:00000000 XMC_USBH_PortSuspend
    {standard input}:90     .text.XMC_USBH_PortSuspend:00000034 $d
    {standard input}:93     .text.XMC_USBH_PortGetState:00000000 $t
    {standard input}:97     .text.XMC_USBH_PortGetState:00000000 XMC_USBH_PortGetState
    {standard input}:126    .text.XMC_USBH_PortGetState:00000034 $d
    {standard input}:129    .text.XMC_USBH_PipeModify:00000000 $t
    {standard input}:133    .text.XMC_USBH_PipeModify:00000000 XMC_USBH_PipeModify
    {standard input}:174    .text.XMC_USBH_PipeModify:00000054 $d
                            *COM*:000001c0 pipe
    {standard input}:179    .text.XMC_USBH_PipeReset:00000000 $t
    {standard input}:183    .text.XMC_USBH_PipeReset:00000000 XMC_USBH_PipeReset
    {standard input}:216    .text.XMC_USBH_PipeReset:00000038 $d
    {standard input}:220    .text.XMC_USBH_PipeDelete:00000000 $t
    {standard input}:224    .text.XMC_USBH_PipeDelete:00000000 XMC_USBH_PipeDelete
    {standard input}:262    .text.XMC_USBH_PipeDelete:00000048 $d
    {standard input}:266    .text.XMC_USBH_PipeCreate:00000000 $t
    {standard input}:270    .text.XMC_USBH_PipeCreate:00000000 XMC_USBH_PipeCreate
    {standard input}:354    .text.XMC_USBH_PipeCreate:000000cc $d
    {standard input}:358    .text.XMC_USBH_PipeTransferGetResult:00000000 $t
    {standard input}:362    .text.XMC_USBH_PipeTransferGetResult:00000000 XMC_USBH_PipeTransferGetResult
    {standard input}:379    .text.XMC_USBH_PipeTransferGetResult:00000014 $d
    {standard input}:383    .text.XMC_USBH_GetFrameNumber:00000000 $t
    {standard input}:387    .text.XMC_USBH_GetFrameNumber:00000000 XMC_USBH_GetFrameNumber
    {standard input}:402    .text.XMC_USBH_GetFrameNumber:00000014 $d
    {standard input}:405    .text.XMC_USBH_PortVbusOnOff:00000000 $t
    {standard input}:409    .text.XMC_USBH_PortVbusOnOff:00000000 XMC_USBH_PortVbusOnOff
    {standard input}:450    .text.XMC_USBH_PortVbusOnOff:00000054 $d
    {standard input}:455    .text.XMC_USBH_Initialize:00000000 $t
    {standard input}:459    .text.XMC_USBH_Initialize:00000000 XMC_USBH_Initialize
    {standard input}:491    .text.XMC_USBH_Initialize:00000038 $d
    {standard input}:497    .text.XMC_lStartTransfer:00000000 $t
    {standard input}:501    .text.XMC_lStartTransfer:00000000 XMC_lStartTransfer
    {standard input}:553    .text.XMC_lStartTransfer:00000080 $d
    {standard input}:557    .text.XMC_lStartTransfer:00000084 $t
    {standard input}:643    .text.XMC_lStartTransfer:00000154 $d
    {standard input}:648    .text.XMC_USBH_PipeTransfer:00000000 $t
    {standard input}:652    .text.XMC_USBH_PipeTransfer:00000000 XMC_USBH_PipeTransfer
    {standard input}:725    .text.XMC_USBH_PipeTransfer:000000a4 $d
    {standard input}:729    .text.XMC_USBH_HandleIrq:00000000 $t
    {standard input}:734    .text.XMC_USBH_HandleIrq:00000000 XMC_USBH_HandleIrq
    {standard input}:1005   .text.XMC_USBH_HandleIrq:00000268 $d
                            *COM*:0000000e is_nack
    {standard input}:1012   .text.XMC_USBH_HandleIrq:00000280 $t
    {standard input}:1177   .text.XMC_USBH_HandleIrq:0000041c $d
    {standard input}:1182   .text.XMC_USBH_GetInterruptStatus:00000000 $t
    {standard input}:1187   .text.XMC_USBH_GetInterruptStatus:00000000 XMC_USBH_GetInterruptStatus
    {standard input}:1198   .text.XMC_USBH_GetInterruptStatus:00000008 $d
    {standard input}:1201   .text.XMC_USBH_Select_VBUS:00000000 $t
    {standard input}:1206   .text.XMC_USBH_Select_VBUS:00000000 XMC_USBH_Select_VBUS
    {standard input}:1220   .text.XMC_USBH_Select_VBUS:00000010 $d
    {standard input}:1224   .text.XMC_USBH_TurnOffResumeBit:00000000 $t
    {standard input}:1229   .text.XMC_USBH_TurnOffResumeBit:00000000 XMC_USBH_TurnOffResumeBit
    {standard input}:1242   .text.XMC_USBH_TurnOffResumeBit:00000014 $d
    {standard input}:1245   .text.XMC_USBH_osDelay:00000000 $t
    {standard input}:1250   .text.XMC_USBH_osDelay:00000000 XMC_USBH_osDelay
    {standard input}:1258   .text.XMC_USBH_PipeTransferAbort:00000000 $t
    {standard input}:1262   .text.XMC_USBH_PipeTransferAbort:00000000 XMC_USBH_PipeTransferAbort
    {standard input}:1324   .text.XMC_USBH_PipeTransferAbort:0000007c $d
    {standard input}:1328   .text.XMC_USBH_PortResume:00000000 $t
    {standard input}:1332   .text.XMC_USBH_PortResume:00000000 XMC_USBH_PortResume
    {standard input}:1365   .text.XMC_USBH_PortResume:0000004c $d
    {standard input}:1368   .text.XMC_USBH_PortReset:00000000 $t
    {standard input}:1372   .text.XMC_USBH_PortReset:00000000 XMC_USBH_PortReset
    {standard input}:1415   .text.XMC_USBH_PortReset:0000005c $d
    {standard input}:1418   .text.XMC_USBH_PowerControl:00000000 $t
    {standard input}:1422   .text.XMC_USBH_PowerControl:00000000 XMC_USBH_PowerControl
    {standard input}:1552   .text.XMC_USBH_PowerControl:00000144 $d
    {standard input}:1560   .text.XMC_USBH_Uninitialize:00000000 $t
    {standard input}:1564   .text.XMC_USBH_Uninitialize:00000000 XMC_USBH_Uninitialize
    {standard input}:1578   .text.XMC_USBH_Uninitialize:00000014 $d
    {standard input}:1632   .rodata.Driver_USBH0:00000000 Driver_USBH0
    {standard input}:1611   .data.VBUS_pin:00000000 VBUS_pin
    {standard input}:1618   .data.VBUS_port:00000000 VBUS_port
    {standard input}:1586   .data.XMC_USBH0_device:00000000 $d
    {standard input}:1590   .data.XMC_USBH0_device:00000000 XMC_USBH0_device
    {standard input}:1600   .bss.XMC_USBH0_dfifo_ptr:00000000 $d
    {standard input}:1604   .bss.XMC_USBH0_dfifo_ptr:00000000 XMC_USBH0_dfifo_ptr
    {standard input}:1607   .data.VBUS_pin:00000000 $d
    {standard input}:1614   .data.VBUS_port:00000000 $d
    {standard input}:1621   .rodata.xmc_usbh_driver_version:00000000 $d
    {standard input}:1625   .rodata.xmc_usbh_driver_version:00000000 xmc_usbh_driver_version
    {standard input}:1629   .rodata.Driver_USBH0:00000000 $d

UNDEFINED SYMBOLS
memset
XMC_GPIO_SetMode
XMC_SCU_CLOCK_GatePeripheralClock
XMC_SCU_POWER_DisableUsb
XMC_SCU_RESET_AssertPeripheralReset
XMC_SCU_CLOCK_UngatePeripheralClock
XMC_SCU_RESET_DeassertPeripheralReset
XMC_SCU_POWER_EnableUsb
