   1              	 .syntax unified
   2              	 .cpu cortex-m4
   3              	 .eabi_attribute 27,3
   4              	 .fpu fpv4-sp-d16
   5              	 .eabi_attribute 20,1
   6              	 .eabi_attribute 21,1
   7              	 .eabi_attribute 23,3
   8              	 .eabi_attribute 24,1
   9              	 .eabi_attribute 25,1
  10              	 .eabi_attribute 26,1
  11              	 .eabi_attribute 30,4
  12              	 .eabi_attribute 34,1
  13              	 .eabi_attribute 18,4
  14              	 .thumb
  15              	 .file "main.c"
  16              	 .section .text.startup.main,"ax",%progbits
  17              	 .align 1
  18              	 .global main
  19              	 .thumb
  20              	 .thumb_func
  22              	main:
  23              	 
  24              	 
  25 0000 2DE9F041 	 push {r4,r5,r6,r7,r8,lr}
  26 0004 FFF7FEFF 	 bl DAVE_Init
  27 0008 0128     	 cmp r0,#1
  28 000a 00D1     	 bne .L20
  29              	.L3:
  30 000c FEE7     	 b .L3
  31              	.L20:
  32 000e 0025     	 movs r5,#0
  33              	.L2:
  34 0010 324E     	 ldr r6,.L37
  35 0012 334C     	 ldr r4,.L37+4
  36 0014 3169     	 ldr r1,[r6,#16]
  37 0016 15F804E0 	 ldrb lr,[r5,r4]
  38 001a 0B68     	 ldr r3,[r1]
  39 001c 4FEAC50C 	 lsl ip,r5,#3
  40 0020 83F80CE0 	 strb lr,[r3,#12]
  41 0024 3746     	 mov r7,r6
  42 0026 0023     	 movs r3,#0
  43              	.L4:
  44 0028 DAB2     	 uxtb r2,r3
  45 002a 7245     	 cmp r2,lr
  46 002c 0868     	 ldr r0,[r1]
  47 002e 07D2     	 bcs .L33
  48 0030 2C4A     	 ldr r2,.L37+8
  49 0032 1A44     	 add r2,r2,r3
  50 0034 1844     	 add r0,r0,r3
  51 0036 12F80C20 	 ldrb r2,[r2,ip]
  52 003a 0274     	 strb r2,[r0,#16]
  53 003c 0133     	 adds r3,r3,#1
  54 003e F3E7     	 b .L4
  55              	.L33:
  56 0040 0268     	 ldr r2,[r0]
  57              	.L6:
  58 0042 D369     	 ldr r3,[r2,#28]
  59 0044 DB05     	 lsls r3,r3,#23
  60 0046 FCD4     	 bmi .L6
  61 0048 FFF7FEFF 	 bl XMC_CAN_MO_UpdateData
  62 004c DFF8A880 	 ldr r8,.L37+28
  63 0050 88F80000 	 strb r0,[r8]
  64 0054 00B1     	 cbz r0,.L7
  65              	.L28:
  66 0056 FEE7     	 b .L28
  67              	.L7:
  68 0058 3369     	 ldr r3,[r6,#16]
  69 005a 1868     	 ldr r0,[r3]
  70 005c FFF7FEFF 	 bl XMC_CAN_MO_Transmit
  71 0060 88F80000 	 strb r0,[r8]
  72 0064 00B1     	 cbz r0,.L9
  73              	.L29:
  74 0066 FEE7     	 b .L29
  75              	.L9:
  76 0068 0DB9     	 cbnz r5,.L34
  77 006a 0125     	 movs r5,#1
  78 006c D0E7     	 b .L2
  79              	.L34:
  80 006e 1E4B     	 ldr r3,.L37+12
  81 0070 1B78     	 ldrb r3,[r3]
  82              	.L11:
  83 0072 022B     	 cmp r3,#2
  84 0074 FDD1     	 bne .L11
  85 0076 7B68     	 ldr r3,[r7,#4]
  86 0078 1B68     	 ldr r3,[r3]
  87 007a 1A68     	 ldr r2,[r3]
  88              	.L12:
  89 007c 5368     	 ldr r3,[r2,#4]
  90 007e C3F30743 	 ubfx r3,r3,#16,#8
  91 0082 012B     	 cmp r3,#1
  92 0084 FAD1     	 bne .L12
  93 0086 BB68     	 ldr r3,[r7,#8]
  94 0088 1B68     	 ldr r3,[r3]
  95 008a 1A68     	 ldr r2,[r3]
  96              	.L13:
  97 008c 5368     	 ldr r3,[r2,#4]
  98 008e C3F30743 	 ubfx r3,r3,#16,#8
  99 0092 012B     	 cmp r3,#1
 100 0094 FAD1     	 bne .L13
 101 0096 0023     	 movs r3,#0
 102              	.L18:
 103 0098 144A     	 ldr r2,.L37+16
 104 009a E05C     	 ldrb r0,[r4,r3]
 105 009c 9A5C     	 ldrb r2,[r3,r2]
 106 009e 8242     	 cmp r2,r0
 107 00a0 02D1     	 bne .L14
 108 00a2 DD00     	 lsls r5,r3,#3
 109 00a4 0022     	 movs r2,#0
 110 00a6 0BE0     	 b .L15
 111              	.L14:
 112              	.L30:
 113 00a8 FEE7     	 b .L30
 114              	.L17:
 115 00aa 0E49     	 ldr r1,.L37+8
 116 00ac 1144     	 add r1,r1,r2
 117 00ae 0132     	 adds r2,r2,#1
 118 00b0 4E5D     	 ldrb r6,[r1,r5]
 119 00b2 0F49     	 ldr r1,.L37+20
 120 00b4 AF18     	 adds r7,r5,r2
 121 00b6 3944     	 add r1,r1,r7
 122 00b8 11F8011C 	 ldrb r1,[r1,#-1]
 123 00bc B142     	 cmp r1,r6
 124 00be 03D1     	 bne .L31
 125              	.L15:
 126 00c0 D1B2     	 uxtb r1,r2
 127 00c2 8142     	 cmp r1,r0
 128 00c4 F1D3     	 bcc .L17
 129 00c6 00E0     	 b .L35
 130              	.L31:
 131 00c8 FEE7     	 b .L31
 132              	.L35:
 133 00ca 0BB9     	 cbnz r3,.L36
 134 00cc 0123     	 movs r3,#1
 135 00ce E3E7     	 b .L18
 136              	.L36:
 137 00d0 084A     	 ldr r2,.L37+24
 138 00d2 1168     	 ldr r1,[r2]
 139 00d4 127C     	 ldrb r2,[r2,#16]
 140 00d6 9340     	 lsls r3,r3,r2
 141 00d8 4B60     	 str r3,[r1,#4]
 142              	.L19:
 143 00da FEE7     	 b .L19
 144              	.L38:
 145              	 .align 2
 146              	.L37:
 147 00dc 00000000 	 .word MULTICAN_CONFIG_0
 148 00e0 00000000 	 .word .LANCHOR1
 149 00e4 00000000 	 .word .LANCHOR0
 150 00e8 00000000 	 .word CAN_ISR_Count
 151 00ec 00000000 	 .word SW_RxDataDLC
 152 00f0 00000000 	 .word SW_RxData
 153 00f4 00000000 	 .word DIGITAL_IO_0
 154 00f8 00000000 	 .word status
 156              	 .section .text.CAN0_1_IRQHandler,"ax",%progbits
 157              	 .align 1
 158              	 .global CAN0_1_IRQHandler
 159              	 .thumb
 160              	 .thumb_func
 162              	CAN0_1_IRQHandler:
 163              	 
 164              	 
 165 0000 F8B5     	 push {r3,r4,r5,r6,r7,lr}
 166 0002 0F4C     	 ldr r4,.L46
 167 0004 6369     	 ldr r3,[r4,#20]
 168 0006 1868     	 ldr r0,[r3]
 169 0008 FFF7FEFF 	 bl XMC_CAN_MO_Receive
 170 000c 0D4B     	 ldr r3,.L46+4
 171 000e 1870     	 strb r0,[r3]
 172 0010 00B1     	 cbz r0,.L40
 173              	.L44:
 174 0012 FEE7     	 b .L44
 175              	.L40:
 176 0014 6269     	 ldr r2,[r4,#20]
 177 0016 0C49     	 ldr r1,.L46+8
 178 0018 1268     	 ldr r2,[r2]
 179 001a 0B78     	 ldrb r3,[r1]
 180 001c 0B4C     	 ldr r4,.L46+12
 181 001e 157B     	 ldrb r5,[r2,#12]
 182 0020 E554     	 strb r5,[r4,r3]
 183 0022 0F32     	 adds r2,r2,#15
 184 0024 DE00     	 lsls r6,r3,#3
 185              	.L42:
 186 0026 C4B2     	 uxtb r4,r0
 187 0028 AC42     	 cmp r4,r5
 188 002a 06D2     	 bcs .L45
 189 002c 084C     	 ldr r4,.L46+16
 190 002e 12F8017F 	 ldrb r7,[r2,#1]!
 191 0032 0444     	 add r4,r4,r0
 192 0034 0130     	 adds r0,r0,#1
 193 0036 A755     	 strb r7,[r4,r6]
 194 0038 F5E7     	 b .L42
 195              	.L45:
 196 003a 0133     	 adds r3,r3,#1
 197 003c 0B70     	 strb r3,[r1]
 198 003e F8BD     	 pop {r3,r4,r5,r6,r7,pc}
 199              	.L47:
 200              	 .align 2
 201              	.L46:
 202 0040 00000000 	 .word MULTICAN_CONFIG_0
 203 0044 00000000 	 .word status
 204 0048 00000000 	 .word CAN_ISR_Count
 205 004c 00000000 	 .word SW_RxDataDLC
 206 0050 00000000 	 .word SW_RxData
 208              	 .comm status,1,1
 209              	 .comm CAN_ISR_Count,1,1
 210              	 .comm SW_RxDataDLC,2,1
 211              	 .comm SW_RxData,16,1
 212              	 .global SW_TxDataDLC
 213              	 .global SW_TxData
 214              	 .section .data.SW_TxData,"aw",%progbits
 215              	 .set .LANCHOR0,.+0
 218              	SW_TxData:
 219 0000 AA       	 .byte -86
 220 0001 BB       	 .byte -69
 221 0002 CC       	 .byte -52
 222 0003 DD       	 .byte -35
 223 0004 EE       	 .byte -18
 224 0005 FF       	 .byte -1
 225 0006 66       	 .byte 102
 226 0007 77       	 .byte 119
 227 0008 99       	 .byte -103
 228 0009 91       	 .byte -111
 229 000a 92       	 .byte -110
 230 000b 93       	 .byte -109
 231 000c 94       	 .byte -108
 232 000d 95       	 .byte -107
 233 000e 96       	 .byte -106
 234 000f 97       	 .byte -105
 235              	 .section .data.SW_TxDataDLC,"aw",%progbits
 236              	 .set .LANCHOR1,.+0
 239              	SW_TxDataDLC:
 240 0000 05       	 .byte 5
 241 0001 08       	 .byte 8
 242              	 .ident "GCC: (GNU Tools for ARM Embedded Processors) 4.9.3 20141119 (release) [ARM/embedded-4_9-branch revision 218278]"
DEFINED SYMBOLS
                            *ABS*:00000000 main.c
    {standard input}:17     .text.startup.main:00000000 $t
    {standard input}:22     .text.startup.main:00000000 main
    {standard input}:147    .text.startup.main:000000dc $d
                            *COM*:00000001 CAN_ISR_Count
                            *COM*:00000002 SW_RxDataDLC
                            *COM*:00000010 SW_RxData
                            *COM*:00000001 status
    {standard input}:157    .text.CAN0_1_IRQHandler:00000000 $t
    {standard input}:162    .text.CAN0_1_IRQHandler:00000000 CAN0_1_IRQHandler
    {standard input}:202    .text.CAN0_1_IRQHandler:00000040 $d
    {standard input}:239    .data.SW_TxDataDLC:00000000 SW_TxDataDLC
    {standard input}:218    .data.SW_TxData:00000000 SW_TxData

UNDEFINED SYMBOLS
DAVE_Init
XMC_CAN_MO_UpdateData
XMC_CAN_MO_Transmit
MULTICAN_CONFIG_0
DIGITAL_IO_0
XMC_CAN_MO_Receive
