   1              	 .syntax unified
   2              	 .cpu cortex-m4
   3              	 .eabi_attribute 27,3
   4              	 .fpu fpv4-sp-d16
   5              	 .eabi_attribute 20,1
   6              	 .eabi_attribute 21,1
   7              	 .eabi_attribute 23,3
   8              	 .eabi_attribute 24,1
   9              	 .eabi_attribute 25,1
  10              	 .eabi_attribute 26,1
  11              	 .eabi_attribute 30,4
  12              	 .eabi_attribute 34,1
  13              	 .eabi_attribute 18,4
  14              	 .thumb
  15              	 .file "DAVE.c"
  16              	 .section .text.DAVE_Init,"ax",%progbits
  17              	 .align 1
  18              	 .weak DAVE_Init
  19              	 .thumb
  20              	 .thumb_func
  22              	DAVE_Init:
  23              	 
  24              	 
  25 0000 08B5     	 push {r3,lr}
  26 0002 0548     	 ldr r0,.L4
  27 0004 FFF7FEFF 	 bl DIGITAL_IO_Init
  28 0008 20B9     	 cbnz r0,.L2
  29 000a 0448     	 ldr r0,.L4+4
  30 000c BDE80840 	 pop {r3,lr}
  31 0010 FFF7FEBF 	 b DIGITAL_IO_Init
  32              	.L2:
  33 0014 08BD     	 pop {r3,pc}
  34              	.L5:
  35 0016 00BF     	 .align 2
  36              	.L4:
  37 0018 00000000 	 .word LED1
  38 001c 00000000 	 .word LED2
  40              	 .ident "GCC: (GNU Tools for ARM Embedded Processors) 4.9.3 20141119 (release) [ARM/embedded-4_9-branch revision 218278]"
DEFINED SYMBOLS
                            *ABS*:00000000 DAVE.c
    {standard input}:17     .text.DAVE_Init:00000000 $t
    {standard input}:22     .text.DAVE_Init:00000000 DAVE_Init
    {standard input}:37     .text.DAVE_Init:00000018 $d

UNDEFINED SYMBOLS
DIGITAL_IO_Init
LED1
LED2
