Jun 24, 2026 5:25:31 PM java.util.logging.LogManager$RootLogger log
INFO: Start of solver :getFeasiblePins() : Wed Jun 24 17:25:31 PDT 2026


Jun 24, 2026 5:25:31 PM java.util.logging.LogManager$RootLogger log
INFO: 
timeout(ask_feasible_mapping([reserved([scu,0,clkctrl,0,pll],'clock_xmc4$01041905772$0'),
reserved([scu,0,clkctrl,0,sys],'clock_xmc4$01041902479$0'),
reserved([scu,0,clkctrl,0,cpu],'clock_xmc4$01041918132$0'),
reserved([scu,0,clkctrl,0,perbridge],'clock_xmc4$01556179574$0'),
reserved([scu,0,clkctrl,0,ebu],'clock_xmc4$01041916644$0'),
reserved([scu,0,clkctrl,0,ccu],'clock_xmc4$01041918535$0'),
reserved([scu,0,clkctrl,0,wdt],'clock_xmc4$01041899285$0'),
reserved([scu,0,clkctrl,0,usb],'clock_xmc4$01041900760$0'),
reserved([scu,0,clkctrl,0,sdmmc],'clock_xmc4$01041908633$0'),
reserved([scu,0,pwrctrl,0,hibernate],'clock_xmc4$1465705206$0'),
reserved([scu,0,rtcclksel],'clock_xmc4$0908261315$0'),
reserved([scu,0,trap,0,sysoscwd],'clock_xmc4$2120570033$0'),
reserved([scu,0,trap,0,sysvcolock],'clock_xmc4$01336212592$0'),
reserved([scu,0,trap,0,usbvcolock],'clock_xmc4$1110159303$0'),
reserved([scu,0,trap,0,ulpwdg],'clock_xmc4$0652770705$0'),
reserved([cpu,0,exception,nmi],'cpu_ctrl_xmc4$1809994843$0'),
reserved([cpu,0,exception,hardfault],'cpu_ctrl_xmc4$134847784$0'),
reserved([cpu,0,exception,memmanage],'cpu_ctrl_xmc4$01820321653$0'),
reserved([cpu,0,exception,busfault],'cpu_ctrl_xmc4$02093310863$0'),
reserved([cpu,0,exception,usagefault],'cpu_ctrl_xmc4$02063863248$0'),
reserved([cpu,0,debug],'cpu_ctrl_xmc4$02137403391$0'),
reserved([debug_port,_,pad,_],'cpu_ctrl_xmc4$01736805616$0'),
reserved([debug_port,_,pad,_],'cpu_ctrl_xmc4$01736805934$0'),
reserved([usic,_,channel,_],'uart$2052263369$0'),
reserved([p,_,pad,_],'uart$634370192$0'),
reserved([p,_,pad,_],'uart$634370254$0'),
reserved([devicepackage,0,_],'uart$01011659110$0'),
uri([devicepackage,0,108],'uart$01011659110$0'),
reserved([devicepackage,0,_],'uart$01011659048$0'),
reserved([cpu,0,nvic,interrupt,_],'interrupt$01547455786$0'),
reserved([cpu,0,nvic,interrupt,_],'interrupt$02057989963$1'),
reserved([cpu,0,systick],'systimer$02060370970$0'),
signal('clock_xmc4$01556179574$0',fpb,'clock_xmc4$01556179574$0$fpb'),
signal('clock_xmc4$01041918535$0',fccu,'clock_xmc4$01041918535$0$fccu'),
signal('cpu_ctrl_xmc4$1809994843$0',nmi_in,'cpu_ctrl_xmc4$1809994843$0$nmi_in'),
signal('cpu_ctrl_xmc4$02137403391$0',db_tck,'cpu_ctrl_xmc4$02137403391$0$db_tck'),
signal('cpu_ctrl_xmc4$02137403391$0',db_tms,'cpu_ctrl_xmc4$02137403391$0$db_tms'),
signal('uart$2052263369$0',dx0ins,'uart$2052263369$0$dx0ins'),
signal('uart$2052263369$0',dx3ins,'uart$2052263369$0$dx3ins'),
signal('uart$2052263369$0',dout0,'uart$2052263369$0$dout0'),
signal('uart$634370192$0',pad,'uart$634370192$0$pad'),
signal('uart$634370254$0',pad,'uart$634370254$0$pad'),
signal('uart$2052263369$0',protocol_specific_int,'uart$2052263369$0$protocol_specific_int'),
signal('uart$2052263369$0',standard_transmit_buffer_int,'uart$2052263369$0$standard_transmit_buffer_int'),
signal('uart$2052263369$0',standard_receive_buffer_int,'uart$2052263369$0$standard_receive_buffer_int'),
signal('uart$2052263369$0',alternate_receive_buffer_int,'uart$2052263369$0$alternate_receive_buffer_int'),
signal('uart$01011659110$0',pin,'uart$01011659110$0$pin'),
signal('uart$01011659048$0',pin,'uart$01011659048$0$pin'),
signal('interrupt$01547455786$0',signal_in,'interrupt$01547455786$0$signal_in'),
signal('interrupt$02057989963$1',signal_in,'interrupt$02057989963$1$signal_in'),
connected('uart$01011659110$0$pin','uart$634370192$0$pad',1),
connected('uart$01011659048$0$pin','uart$634370254$0$pad',1),
connected('uart$2052263369$0$dout0','uart$634370254$0$pad',1),
connected('uart$2052263369$0$alternate_receive_buffer_int','interrupt$02057989963$1$signal_in',1),
connected('uart$2052263369$0$standard_receive_buffer_int','interrupt$02057989963$1$signal_in',1),
connected('uart$2052263369$0$standard_transmit_buffer_int','interrupt$01547455786$0$signal_in',1),
connected('uart$634370192$0$pad','uart$01011659110$0$pin',1),
connected('uart$634370192$0$pad','uart$2052263369$0$dx0ins',1),
connected('uart$634370254$0$pad','uart$01011659048$0$pin',1),
rg_constraint_property_value('uart$634370254$0', speed_class of rg_property, ['A1','A1+','A2']),
register_value('uart$2052263369$0',ccr_hpcen,0),
register_value('uart$2052263369$0',tbctr_size,4),
register_value('uart$2052263369$0',rbctr_size,4)],'uart$01011659048$0',Result),15,writeln(timeout),all_solution, Timer, Due, Remainder).



Jun 24, 2026 5:25:31 PM java.util.logging.LogManager$RootLogger log
INFO: 
End of solver : getFeasiblePins() :  Difference in ms 206


Jun 24, 2026 5:25:31 PM java.util.logging.LogManager$RootLogger log
INFO: [/devicepackage/0/115, /devicepackage/0/107, /devicepackage/0/83]


Jun 24, 2026 5:25:51 PM java.util.logging.LogManager$RootLogger log
INFO: Start of solver :getOutputSignals() : Wed Jun 24 17:25:51 PDT 2026


Jun 24, 2026 5:25:51 PM java.util.logging.LogManager$RootLogger log
INFO: 
timeout(reserved_resource_group_output_signals([reserved([scu,0,clkctrl,0,pll],'clock_xmc4$01041905772$0'),
reserved([scu,0,clkctrl,0,sys],'clock_xmc4$01041902479$0'),
reserved([scu,0,clkctrl,0,cpu],'clock_xmc4$01041918132$0'),
reserved([scu,0,clkctrl,0,perbridge],'clock_xmc4$01556179574$0'),
reserved([scu,0,clkctrl,0,ebu],'clock_xmc4$01041916644$0'),
reserved([scu,0,clkctrl,0,ccu],'clock_xmc4$01041918535$0'),
reserved([scu,0,clkctrl,0,wdt],'clock_xmc4$01041899285$0'),
reserved([scu,0,clkctrl,0,usb],'clock_xmc4$01041900760$0'),
reserved([scu,0,clkctrl,0,sdmmc],'clock_xmc4$01041908633$0'),
reserved([scu,0,pwrctrl,0,hibernate],'clock_xmc4$1465705206$0'),
reserved([scu,0,rtcclksel],'clock_xmc4$0908261315$0'),
reserved([scu,0,trap,0,sysoscwd],'clock_xmc4$2120570033$0'),
reserved([scu,0,trap,0,sysvcolock],'clock_xmc4$01336212592$0'),
reserved([scu,0,trap,0,usbvcolock],'clock_xmc4$1110159303$0'),
reserved([scu,0,trap,0,ulpwdg],'clock_xmc4$0652770705$0'),
reserved([cpu,0,exception,nmi],'cpu_ctrl_xmc4$1809994843$0'),
reserved([cpu,0,exception,hardfault],'cpu_ctrl_xmc4$134847784$0'),
reserved([cpu,0,exception,memmanage],'cpu_ctrl_xmc4$01820321653$0'),
reserved([cpu,0,exception,busfault],'cpu_ctrl_xmc4$02093310863$0'),
reserved([cpu,0,exception,usagefault],'cpu_ctrl_xmc4$02063863248$0'),
reserved([cpu,0,debug],'cpu_ctrl_xmc4$02137403391$0'),
reserved([debug_port,_,pad,_],'cpu_ctrl_xmc4$01736805616$0'),
reserved([debug_port,_,pad,_],'cpu_ctrl_xmc4$01736805934$0'),
reserved([usic,_,channel,_],'uart$2052263369$0'),
reserved([p,_,pad,_],'uart$634370192$0'),
reserved([p,_,pad,_],'uart$634370254$0'),
reserved([devicepackage,0,_],'uart$01011659110$0'),
uri([devicepackage,0,108],'uart$01011659110$0'),
reserved([devicepackage,0,_],'uart$01011659048$0'),
uri([devicepackage,0,107],'uart$01011659048$0'),
reserved([cpu,0,nvic,interrupt,_],'interrupt$01547455786$0'),
reserved([cpu,0,nvic,interrupt,_],'interrupt$02057989963$1'),
reserved([cpu,0,systick],'systimer$02060370970$0'),
signal('clock_xmc4$01556179574$0',fpb,'clock_xmc4$01556179574$0$fpb'),
signal('clock_xmc4$01041918535$0',fccu,'clock_xmc4$01041918535$0$fccu'),
signal('cpu_ctrl_xmc4$1809994843$0',nmi_in,'cpu_ctrl_xmc4$1809994843$0$nmi_in'),
signal('cpu_ctrl_xmc4$02137403391$0',db_tck,'cpu_ctrl_xmc4$02137403391$0$db_tck'),
signal('cpu_ctrl_xmc4$02137403391$0',db_tms,'cpu_ctrl_xmc4$02137403391$0$db_tms'),
signal('uart$2052263369$0',dx0ins,'uart$2052263369$0$dx0ins'),
signal('uart$2052263369$0',dx3ins,'uart$2052263369$0$dx3ins'),
signal('uart$2052263369$0',dout0,'uart$2052263369$0$dout0'),
signal('uart$634370192$0',pad,'uart$634370192$0$pad'),
signal('uart$634370254$0',pad,'uart$634370254$0$pad'),
signal('uart$2052263369$0',protocol_specific_int,'uart$2052263369$0$protocol_specific_int'),
signal('uart$2052263369$0',standard_transmit_buffer_int,'uart$2052263369$0$standard_transmit_buffer_int'),
signal('uart$2052263369$0',standard_receive_buffer_int,'uart$2052263369$0$standard_receive_buffer_int'),
signal('uart$2052263369$0',alternate_receive_buffer_int,'uart$2052263369$0$alternate_receive_buffer_int'),
signal('uart$01011659110$0',pin,'uart$01011659110$0$pin'),
signal('uart$01011659048$0',pin,'uart$01011659048$0$pin'),
signal('interrupt$01547455786$0',signal_in,'interrupt$01547455786$0$signal_in'),
signal('interrupt$02057989963$1',signal_in,'interrupt$02057989963$1$signal_in'),
connected('uart$01011659110$0$pin','uart$634370192$0$pad',1),
connected('uart$01011659048$0$pin','uart$634370254$0$pad',1),
connected('uart$2052263369$0$dout0','uart$634370254$0$pad',1),
connected('uart$2052263369$0$alternate_receive_buffer_int','interrupt$02057989963$1$signal_in',1),
connected('uart$2052263369$0$standard_receive_buffer_int','interrupt$02057989963$1$signal_in',1),
connected('uart$2052263369$0$standard_transmit_buffer_int','interrupt$01547455786$0$signal_in',1),
connected('uart$634370192$0$pad','uart$01011659110$0$pin',1),
connected('uart$634370192$0$pad','uart$2052263369$0$dx0ins',1),
connected('uart$634370254$0$pad','uart$01011659048$0$pin',1),
rg_constraint_property_value('uart$634370254$0', speed_class of rg_property, ['A1','A1+','A2']),
register_value('uart$2052263369$0',ccr_hpcen,0),
register_value('uart$2052263369$0',tbctr_size,4),
register_value('uart$2052263369$0',rbctr_size,4)], 'uart','0', Output_signals),15,writeln(timeout),all_solution, Timer, Due, Remainder).



Jun 24, 2026 5:25:51 PM java.util.logging.LogManager$RootLogger log
INFO: 
End of solver : getOutputSignals() :  Difference in ms 206


Jun 24, 2026 5:32:15 PM java.util.logging.LogManager$RootLogger log
INFO: Start of solver :getOutputSignals() : Wed Jun 24 17:32:15 PDT 2026


Jun 24, 2026 5:32:15 PM java.util.logging.LogManager$RootLogger log
INFO: 
timeout(reserved_resource_group_output_signals([reserved([scu,0,clkctrl,0,pll],'clock_xmc4$01041905772$0'),
reserved([scu,0,clkctrl,0,sys],'clock_xmc4$01041902479$0'),
reserved([scu,0,clkctrl,0,cpu],'clock_xmc4$01041918132$0'),
reserved([scu,0,clkctrl,0,perbridge],'clock_xmc4$01556179574$0'),
reserved([scu,0,clkctrl,0,ebu],'clock_xmc4$01041916644$0'),
reserved([scu,0,clkctrl,0,ccu],'clock_xmc4$01041918535$0'),
reserved([scu,0,clkctrl,0,wdt],'clock_xmc4$01041899285$0'),
reserved([scu,0,clkctrl,0,usb],'clock_xmc4$01041900760$0'),
reserved([scu,0,clkctrl,0,sdmmc],'clock_xmc4$01041908633$0'),
reserved([scu,0,pwrctrl,0,hibernate],'clock_xmc4$1465705206$0'),
reserved([scu,0,rtcclksel],'clock_xmc4$0908261315$0'),
reserved([scu,0,trap,0,sysoscwd],'clock_xmc4$2120570033$0'),
reserved([scu,0,trap,0,sysvcolock],'clock_xmc4$01336212592$0'),
reserved([scu,0,trap,0,usbvcolock],'clock_xmc4$1110159303$0'),
reserved([scu,0,trap,0,ulpwdg],'clock_xmc4$0652770705$0'),
reserved([cpu,0,exception,nmi],'cpu_ctrl_xmc4$1809994843$0'),
reserved([cpu,0,exception,hardfault],'cpu_ctrl_xmc4$134847784$0'),
reserved([cpu,0,exception,memmanage],'cpu_ctrl_xmc4$01820321653$0'),
reserved([cpu,0,exception,busfault],'cpu_ctrl_xmc4$02093310863$0'),
reserved([cpu,0,exception,usagefault],'cpu_ctrl_xmc4$02063863248$0'),
reserved([cpu,0,debug],'cpu_ctrl_xmc4$02137403391$0'),
reserved([debug_port,_,pad,_],'cpu_ctrl_xmc4$01736805616$0'),
reserved([debug_port,_,pad,_],'cpu_ctrl_xmc4$01736805934$0'),
reserved([usic,_,channel,_],'uart$2052263369$0'),
reserved([p,_,pad,_],'uart$634370192$0'),
reserved([p,_,pad,_],'uart$634370254$0'),
reserved([devicepackage,0,_],'uart$01011659110$0'),
uri([devicepackage,0,108],'uart$01011659110$0'),
reserved([devicepackage,0,_],'uart$01011659048$0'),
uri([devicepackage,0,107],'uart$01011659048$0'),
reserved([cpu,0,nvic,interrupt,_],'interrupt$01547455786$0'),
reserved([cpu,0,nvic,interrupt,_],'interrupt$02057989963$1'),
reserved([cpu,0,systick],'systimer$02060370970$0'),
signal('clock_xmc4$01556179574$0',fpb,'clock_xmc4$01556179574$0$fpb'),
signal('clock_xmc4$01041918535$0',fccu,'clock_xmc4$01041918535$0$fccu'),
signal('cpu_ctrl_xmc4$1809994843$0',nmi_in,'cpu_ctrl_xmc4$1809994843$0$nmi_in'),
signal('cpu_ctrl_xmc4$02137403391$0',db_tck,'cpu_ctrl_xmc4$02137403391$0$db_tck'),
signal('cpu_ctrl_xmc4$02137403391$0',db_tms,'cpu_ctrl_xmc4$02137403391$0$db_tms'),
signal('uart$2052263369$0',dx0ins,'uart$2052263369$0$dx0ins'),
signal('uart$2052263369$0',dx3ins,'uart$2052263369$0$dx3ins'),
signal('uart$2052263369$0',dout0,'uart$2052263369$0$dout0'),
signal('uart$634370192$0',pad,'uart$634370192$0$pad'),
signal('uart$634370254$0',pad,'uart$634370254$0$pad'),
signal('uart$2052263369$0',protocol_specific_int,'uart$2052263369$0$protocol_specific_int'),
signal('uart$2052263369$0',standard_transmit_buffer_int,'uart$2052263369$0$standard_transmit_buffer_int'),
signal('uart$2052263369$0',standard_receive_buffer_int,'uart$2052263369$0$standard_receive_buffer_int'),
signal('uart$2052263369$0',alternate_receive_buffer_int,'uart$2052263369$0$alternate_receive_buffer_int'),
signal('uart$01011659110$0',pin,'uart$01011659110$0$pin'),
signal('uart$01011659048$0',pin,'uart$01011659048$0$pin'),
signal('interrupt$01547455786$0',signal_in,'interrupt$01547455786$0$signal_in'),
signal('interrupt$02057989963$1',signal_in,'interrupt$02057989963$1$signal_in'),
connected('uart$01011659110$0$pin','uart$634370192$0$pad',1),
connected('uart$01011659048$0$pin','uart$634370254$0$pad',1),
connected('uart$2052263369$0$dout0','uart$634370254$0$pad',1),
connected('uart$2052263369$0$alternate_receive_buffer_int','interrupt$02057989963$1$signal_in',1),
connected('uart$2052263369$0$standard_receive_buffer_int','interrupt$02057989963$1$signal_in',1),
connected('uart$2052263369$0$standard_transmit_buffer_int','interrupt$01547455786$0$signal_in',1),
connected('uart$634370192$0$pad','uart$01011659110$0$pin',1),
connected('uart$634370192$0$pad','uart$2052263369$0$dx0ins',1),
connected('uart$634370254$0$pad','uart$01011659048$0$pin',1),
rg_constraint_property_value('uart$634370254$0', speed_class of rg_property, ['A1','A1+','A2']),
register_value('uart$2052263369$0',ccr_hpcen,0),
register_value('uart$2052263369$0',tbctr_size,4),
register_value('uart$2052263369$0',rbctr_size,4)], 'interrupt','1', Output_signals),15,writeln(timeout),all_solution, Timer, Due, Remainder).



Jun 24, 2026 5:32:15 PM java.util.logging.LogManager$RootLogger log
INFO: 
End of solver : getOutputSignals() :  Difference in ms 205


