   1              	 .syntax unified
   2              	 .cpu cortex-m4
   3              	 .eabi_attribute 27,3
   4              	 .fpu fpv4-sp-d16
   5              	 .eabi_attribute 20,1
   6              	 .eabi_attribute 21,1
   7              	 .eabi_attribute 23,3
   8              	 .eabi_attribute 24,1
   9              	 .eabi_attribute 25,1
  10              	 .eabi_attribute 26,1
  11              	 .eabi_attribute 30,4
  12              	 .eabi_attribute 34,1
  13              	 .eabi_attribute 18,4
  14              	 .thumb
  15              	 .file "clock_xmc4_conf.c"
  16              	 .section .text.SystemCoreClockSetup,"ax",%progbits
  17              	 .align 1
  18              	 .global SystemCoreClockSetup
  19              	 .thumb
  20              	 .thumb_func
  22              	SystemCoreClockSetup:
  23              	 
  24              	 
  25 0000 30B5     	 push {r4,r5,lr}
  26 0002 164D     	 ldr r5,.L2
  27 0004 0FCD     	 ldmia r5!,{r0,r1,r2,r3}
  28 0006 87B0     	 sub sp,sp,#28
  29 0008 01AC     	 add r4,sp,#4
  30 000a 0FC4     	 stmia r4!,{r0,r1,r2,r3}
  31 000c 2B68     	 ldr r3,[r5]
  32 000e 2360     	 str r3,[r4]
  33 0010 01A8     	 add r0,sp,#4
  34 0012 FFF7FEFF 	 bl XMC_SCU_CLOCK_Init
  35 0016 0020     	 movs r0,#0
  36 0018 FFF7FEFF 	 bl XMC_SCU_HIB_SetRtcClockSource
  37 001c 4FF48030 	 mov r0,#65536
  38 0020 FFF7FEFF 	 bl XMC_SCU_CLOCK_SetUsbClockSource
  39 0024 0620     	 movs r0,#6
  40 0026 FFF7FEFF 	 bl XMC_SCU_CLOCK_SetUsbClockDivider
  41 002a FFF7FEFF 	 bl XMC_SCU_CLOCK_EnableUsbPll
  42 002e 6421     	 movs r1,#100
  43 0030 0320     	 movs r0,#3
  44 0032 FFF7FEFF 	 bl XMC_SCU_CLOCK_StartUsbPll
  45 0036 0A4A     	 ldr r2,.L2+4
  46 0038 936B     	 ldr r3,[r2,#56]
  47 003a 23F48033 	 bic r3,r3,#65536
  48 003e 9363     	 str r3,[r2,#56]
  49 0040 0220     	 movs r0,#2
  50 0042 FFF7FEFF 	 bl XMC_SCU_CLOCK_SetECATClockDivider
  51 0046 0020     	 movs r0,#0
  52 0048 FFF7FEFF 	 bl XMC_SCU_CLOCK_SetWdtClockSource
  53 004c 0120     	 movs r0,#1
  54 004e FFF7FEFF 	 bl XMC_SCU_CLOCK_SetWdtClockDivider
  55 0052 0120     	 movs r0,#1
  56 0054 FFF7FEFF 	 bl XMC_SCU_CLOCK_SetEbuClockDivider
  57 0058 07B0     	 add sp,sp,#28
  58              	 
  59 005a 30BD     	 pop {r4,r5,pc}
  60              	.L3:
  61              	 .align 2
  62              	.L2:
  63 005c 00000000 	 .word .LANCHOR0
  64 0060 00460050 	 .word 1342195200
  66              	 .global CLOCK_XMC4_0
  67              	 .section .rodata
  68              	 .align 2
  69              	 .set .LANCHOR0,.+0
  70              	.LC0:
  71 0000 30       	 .byte 48
  72 0001 02       	 .byte 2
  73 0002 01       	 .byte 1
  74 0003 01       	 .byte 1
  75 0004 0000     	 .short 0
  76 0006 01       	 .byte 1
  77 0007 00       	 .byte 0
  78 0008 00       	 .byte 0
  79 0009 00       	 .byte 0
  80 000a 0000     	 .space 2
  81 000c 00000100 	 .word 65536
  82 0010 02       	 .byte 2
  83 0011 01       	 .byte 1
  84 0012 01       	 .byte 1
  85 0013 01       	 .byte 1
  86              	 .section .bss.CLOCK_XMC4_0,"aw",%nobits
  89              	CLOCK_XMC4_0:
  90 0000 00       	 .space 1
  91              	 .ident "GCC: (GNU Tools for ARM Embedded Processors) 4.9.3 20141119 (release) [ARM/embedded-4_9-branch revision 218278]"
DEFINED SYMBOLS
                            *ABS*:00000000 clock_xmc4_conf.c
    {standard input}:17     .text.SystemCoreClockSetup:00000000 $t
    {standard input}:22     .text.SystemCoreClockSetup:00000000 SystemCoreClockSetup
    {standard input}:63     .text.SystemCoreClockSetup:0000005c $d
    {standard input}:89     .bss.CLOCK_XMC4_0:00000000 CLOCK_XMC4_0
    {standard input}:68     .rodata:00000000 $d
    {standard input}:90     .bss.CLOCK_XMC4_0:00000000 $d

UNDEFINED SYMBOLS
XMC_SCU_CLOCK_Init
XMC_SCU_HIB_SetRtcClockSource
XMC_SCU_CLOCK_SetUsbClockSource
XMC_SCU_CLOCK_SetUsbClockDivider
XMC_SCU_CLOCK_EnableUsbPll
XMC_SCU_CLOCK_StartUsbPll
XMC_SCU_CLOCK_SetECATClockDivider
XMC_SCU_CLOCK_SetWdtClockSource
XMC_SCU_CLOCK_SetWdtClockDivider
XMC_SCU_CLOCK_SetEbuClockDivider
